2024-10-30 00:13:30,149 - Deleted: C:\Users\Red RexkUr\AppData\Roaming\ATLauncher\instances\lololol\mods\Dungeon Crawl-1.20.1-2.3.14.jar
2024-10-30 00:13:37,462 - Created: C:\Users\Red RexkUr\AppData\Roaming\ATLauncher\instances\lololol\mods\Dungeon Crawl-1.20.1-2.3.14.jar
2024-10-30 00:41:41,966 - Created: C:\Users\Red RexkUr\AppData\Roaming\ATLauncher\instances\lololol\mods\moonlight-1.20-2.13.18-forge.jar
2024-10-30 00:41:43,074 - Created: C:\Users\Red RexkUr\AppData\Roaming\ATLauncher\instances\lololol\mods\dummmmmmy-1.20-2.0.2.jar
2024-10-30 02:39:27,936 - Deleted: C:\Users\Red RexkUr\AppData\Roaming\ATLauncher\instances\lololol\mods\letsdo-addon-compat-forge-1.4.2.jar
2024-10-30 02:39:41,022 - Created: C:\Users\Red RexkUr\AppData\Roaming\ATLauncher\instances\lololol\mods\letsdo-addon-compat-forge-1.4.2.jar
2024-10-30 23:23:46,010 - Created: C:\Users\Red RexkUr\AppData\Roaming\ATLauncher\instances\lololol\mods\player-animation-lib-forge-1.0.2-rc1+1.20.jar
2024-10-30 23:23:46,934 - Created: C:\Users\Red RexkUr\AppData\Roaming\ATLauncher\instances\lololol\mods\emotecraft-for-MC1.20.1-2.2.7-b.build.50-forge.jar
2024-10-30 23:24:33,405 - Created: C:\Users\Red RexkUr\AppData\Roaming\ATLauncher\instances\lololol\mods\EmoteTweaks-1.20.1-0.1.0-ALPHA.jar
2024-10-30 23:24:54,504 - Created: C:\Users\Red RexkUr\AppData\Roaming\ATLauncher\instances\lololol\mods\voicechat-fabric-1.20.1-2.4.32.jar
2024-10-30 23:26:33,366 - Created: C:\Users\Red RexkUr\AppData\Roaming\ATLauncher\instances\lololol\mods\.connector\temp\voicechat-fabric-1.20.1-2.4.32$fabric-api-base-0.4.29+b04edc7a82.jar
2024-10-30 23:26:33,367 - Created: C:\Users\Red RexkUr\AppData\Roaming\ATLauncher\instances\lololol\mods\.connector\temp\voicechat-fabric-1.20.1-2.4.32$fabric-api-base-0.4.29+b04edc7a82.jar.input
2024-10-30 23:26:33,548 - Created: C:\Users\Red RexkUr\AppData\Roaming\ATLauncher\instances\lololol\mods\.connector\temp\voicechat-fabric-1.20.1-2.4.32$fabric-command-api-v2-2.2.11+b3afc78b82.jar
2024-10-30 23:26:33,549 - Created: C:\Users\Red RexkUr\AppData\Roaming\ATLauncher\instances\lololol\mods\.connector\temp\voicechat-fabric-1.20.1-2.4.32$fabric-command-api-v2-2.2.11+b3afc78b82.jar.input
2024-10-30 23:26:33,737 - Created: C:\Users\Red RexkUr\AppData\Roaming\ATLauncher\instances\lololol\mods\.connector\temp\voicechat-fabric-1.20.1-2.4.32$fabric-lifecycle-events-v1-2.2.20+b3afc78b82.jar
2024-10-30 23:26:33,739 - Created: C:\Users\Red RexkUr\AppData\Roaming\ATLauncher\instances\lololol\mods\.connector\temp\voicechat-fabric-1.20.1-2.4.32$fabric-lifecycle-events-v1-2.2.20+b3afc78b82.jar.input
2024-10-30 23:26:33,757 - Created: C:\Users\Red RexkUr\AppData\Roaming\ATLauncher\instances\lololol\mods\.connector\temp\voicechat-fabric-1.20.1-2.4.32$fabric-networking-api-v1-1.3.8+b3afc78b82.jar
2024-10-30 23:26:33,758 - Created: C:\Users\Red RexkUr\AppData\Roaming\ATLauncher\instances\lololol\mods\.connector\temp\voicechat-fabric-1.20.1-2.4.32$fabric-networking-api-v1-1.3.8+b3afc78b82.jar.input
2024-10-30 23:26:33,773 - Created: C:\Users\Red RexkUr\AppData\Roaming\ATLauncher\instances\lololol\mods\.connector\temp\voicechat-fabric-1.20.1-2.4.32$fabric-resource-loader-v0-0.11.7+f7923f6d82.jar
2024-10-30 23:26:33,774 - Created: C:\Users\Red RexkUr\AppData\Roaming\ATLauncher\instances\lololol\mods\.connector\temp\voicechat-fabric-1.20.1-2.4.32$fabric-resource-loader-v0-0.11.7+f7923f6d82.jar.input
2024-10-30 23:26:33,789 - Created: C:\Users\Red RexkUr\AppData\Roaming\ATLauncher\instances\lololol\mods\.connector\temp\voicechat-fabric-1.20.1-2.4.32$fabric-key-binding-api-v1-1.0.36+fb8d95da82.jar
2024-10-30 23:26:33,790 - Created: C:\Users\Red RexkUr\AppData\Roaming\ATLauncher\instances\lololol\mods\.connector\temp\voicechat-fabric-1.20.1-2.4.32$fabric-key-binding-api-v1-1.0.36+fb8d95da82.jar.input
2024-10-30 23:26:39,176 - Created: C:\Users\Red RexkUr\AppData\Roaming\ATLauncher\instances\lololol\mods\.connector\EmoteTweaks-1.20.1-0.1.0-ALPHA_mapped_srg_1.20.1.jar
2024-10-30 23:26:39,731 - Created: C:\Users\Red RexkUr\AppData\Roaming\ATLauncher\instances\lololol\mods\.connector\EmoteTweaks-1.20.1-0.1.0-ALPHA_mapped_srg_1.20.1.jar.input
2024-10-30 23:26:40,504 - Created: C:\Users\Red RexkUr\AppData\Roaming\ATLauncher\instances\lololol\mods\.connector\voicechat-fabric-1.20.1-2.4.32_mapped_srg_1.20.1.jar
2024-10-30 23:26:41,697 - Created: C:\Users\Red RexkUr\AppData\Roaming\ATLauncher\instances\lololol\mods\.connector\voicechat-fabric-1.20.1-2.4.32_mapped_srg_1.20.1.jar.input
2024-10-31 00:30:39,242 - Created: C:\Users\Red RexkUr\AppData\Roaming\ATLauncher\instances\lololol\mods\bendy-lib-forge-4.0.0.jar
2024-10-31 00:51:37,441 - Created: C:\Users\Red RexkUr\AppData\Roaming\ATLauncher\instances\lololol\mods\mousewheelie-1.13.0+mc1.20.1.jar
2024-10-31 00:52:04,726 - Created: C:\Users\Red RexkUr\AppData\Roaming\ATLauncher\instances\lololol\mods\configured-forge-1.20.1-2.2.3.jar
2024-10-31 00:52:14,762 - Created: C:\Users\Red RexkUr\AppData\Roaming\ATLauncher\instances\lololol\mods\catalogue-forge-1.20.1-1.8.0.jar
2024-10-31 01:00:44,005 - Created: C:\Users\Red RexkUr\AppData\Roaming\ATLauncher\instances\lololol\mods\Zeta-1.0-24.jar
2024-10-31 01:00:45,008 - Created: C:\Users\Red RexkUr\AppData\Roaming\ATLauncher\instances\lololol\mods\Quark-4.0-460.jar
2024-10-31 01:03:40,308 - Created: C:\Users\Red RexkUr\AppData\Roaming\ATLauncher\instances\lololol\mods\QuarkOddities-1.20.1.jar
2024-10-31 01:04:17,830 - Created: C:\Users\Red RexkUr\AppData\Roaming\ATLauncher\instances\lololol\mods\modernfix-forge-5.19.4+mc1.20.1.jar
2024-10-31 01:04:40,003 - Deleted: C:\Users\Red RexkUr\AppData\Roaming\ATLauncher\instances\lololol\mods\sodiumdynamiclights-forge-1.0.9-1.20.1.jar
2024-10-31 01:04:52,092 - Created: C:\Users\Red RexkUr\AppData\Roaming\ATLauncher\instances\lololol\mods\ObsidianUI-forge-0.2.3+mc1.20.1.jar
2024-10-31 01:04:53,178 - Created: C:\Users\Red RexkUr\AppData\Roaming\ATLauncher\instances\lololol\mods\RyoamicLights-forge-0.2.3+mc1.20.1.jar
2024-10-31 01:05:57,298 - Created: C:\Users\Red RexkUr\AppData\Roaming\ATLauncher\instances\lololol\mods\.connector\temp\mousewheelie-1.13.0+mc1.20.1$fabric-api-base-0.4.30+7abfd51577.jar
2024-10-31 01:05:57,300 - Created: C:\Users\Red RexkUr\AppData\Roaming\ATLauncher\instances\lololol\mods\.connector\temp\mousewheelie-1.13.0+mc1.20.1$fabric-api-base-0.4.30+7abfd51577.jar.input
2024-10-31 01:05:57,467 - Created: C:\Users\Red RexkUr\AppData\Roaming\ATLauncher\instances\lololol\mods\.connector\temp\mousewheelie-1.13.0+mc1.20.1$fabric-events-interaction-v0-0.6.1+e91849a877.jar
2024-10-31 01:05:57,468 - Created: C:\Users\Red RexkUr\AppData\Roaming\ATLauncher\instances\lololol\mods\.connector\temp\mousewheelie-1.13.0+mc1.20.1$fabric-events-interaction-v0-0.6.1+e91849a877.jar.input
2024-10-31 01:05:57,481 - Created: C:\Users\Red RexkUr\AppData\Roaming\ATLauncher\instances\lololol\mods\.connector\temp\mousewheelie-1.13.0+mc1.20.1$fabric-item-api-v1-2.1.27+b3afc78b77.jar
2024-10-31 01:05:57,490 - Created: C:\Users\Red RexkUr\AppData\Roaming\ATLauncher\instances\lololol\mods\.connector\temp\mousewheelie-1.13.0+mc1.20.1$fabric-item-api-v1-2.1.27+b3afc78b77.jar.input
2024-10-31 01:05:57,703 - Created: C:\Users\Red RexkUr\AppData\Roaming\ATLauncher\instances\lololol\mods\.connector\temp\mousewheelie-1.13.0+mc1.20.1$fabric-lifecycle-events-v1-2.2.21+b3afc78b77.jar
2024-10-31 01:05:57,704 - Created: C:\Users\Red RexkUr\AppData\Roaming\ATLauncher\instances\lololol\mods\.connector\temp\mousewheelie-1.13.0+mc1.20.1$fabric-lifecycle-events-v1-2.2.21+b3afc78b77.jar.input
2024-10-31 01:05:57,720 - Created: C:\Users\Red RexkUr\AppData\Roaming\ATLauncher\instances\lololol\mods\.connector\temp\mousewheelie-1.13.0+mc1.20.1$fabric-key-binding-api-v1-1.0.36+fb8d95da77.jar
2024-10-31 01:05:57,721 - Created: C:\Users\Red RexkUr\AppData\Roaming\ATLauncher\instances\lololol\mods\.connector\temp\mousewheelie-1.13.0+mc1.20.1$fabric-key-binding-api-v1-1.0.36+fb8d95da77.jar.input
2024-10-31 01:05:57,839 - Created: C:\Users\Red RexkUr\AppData\Roaming\ATLauncher\instances\lololol\mods\.connector\temp\mousewheelie-1.13.0+mc1.20.1$fabric-networking-api-v1-1.3.9+b3afc78b77.jar
2024-10-31 01:05:57,841 - Created: C:\Users\Red RexkUr\AppData\Roaming\ATLauncher\instances\lololol\mods\.connector\temp\mousewheelie-1.13.0+mc1.20.1$fabric-networking-api-v1-1.3.9+b3afc78b77.jar.input
2024-10-31 01:05:57,856 - Created: C:\Users\Red RexkUr\AppData\Roaming\ATLauncher\instances\lololol\mods\.connector\temp\mousewheelie-1.13.0+mc1.20.1$fabric-resource-loader-v0-0.11.9+132c48c177.jar
2024-10-31 01:05:57,857 - Created: C:\Users\Red RexkUr\AppData\Roaming\ATLauncher\instances\lololol\mods\.connector\temp\mousewheelie-1.13.0+mc1.20.1$fabric-resource-loader-v0-0.11.9+132c48c177.jar.input
2024-10-31 01:05:57,873 - Created: C:\Users\Red RexkUr\AppData\Roaming\ATLauncher\instances\lololol\mods\.connector\temp\mousewheelie-1.13.0+mc1.20.1$fabric-registry-sync-v0-2.3.0+2e061fd477.jar
2024-10-31 01:05:57,874 - Created: C:\Users\Red RexkUr\AppData\Roaming\ATLauncher\instances\lololol\mods\.connector\temp\mousewheelie-1.13.0+mc1.20.1$fabric-registry-sync-v0-2.3.0+2e061fd477.jar.input
2024-10-31 01:05:57,888 - Created: C:\Users\Red RexkUr\AppData\Roaming\ATLauncher\instances\lololol\mods\.connector\temp\mousewheelie-1.13.0+mc1.20.1$fabric-screen-api-v1-2.0.7+b3afc78b77.jar
2024-10-31 01:05:57,890 - Created: C:\Users\Red RexkUr\AppData\Roaming\ATLauncher\instances\lololol\mods\.connector\temp\mousewheelie-1.13.0+mc1.20.1$fabric-screen-api-v1-2.0.7+b3afc78b77.jar.input
2024-10-31 01:05:57,904 - Created: C:\Users\Red RexkUr\AppData\Roaming\ATLauncher\instances\lololol\mods\.connector\temp\mousewheelie-1.13.0+mc1.20.1$coat-1.20-1.0.0-beta.20+mc1.20-pre1.jar
2024-10-31 01:05:57,905 - Created: C:\Users\Red RexkUr\AppData\Roaming\ATLauncher\instances\lololol\mods\.connector\temp\mousewheelie-1.13.0+mc1.20.1$coat-1.20-1.0.0-beta.20+mc1.20-pre1.jar.input
2024-10-31 01:05:57,917 - Created: C:\Users\Red RexkUr\AppData\Roaming\ATLauncher\instances\lololol\mods\.connector\temp\mousewheelie-1.13.0+mc1.20.1$amecsapi-1.20-1.5.1+mc1.20-pre1.jar
2024-10-31 01:05:57,918 - Created: C:\Users\Red RexkUr\AppData\Roaming\ATLauncher\instances\lololol\mods\.connector\temp\mousewheelie-1.13.0+mc1.20.1$amecsapi-1.20-1.5.1+mc1.20-pre1.jar.input
2024-10-31 01:05:57,934 - Created: C:\Users\Red RexkUr\AppData\Roaming\ATLauncher\instances\lololol\mods\.connector\temp\mousewheelie-1.13.0+mc1.20.1$tweed4-annotated-1.20-1.3.1+mc1.20-pre1.jar
2024-10-31 01:05:57,935 - Created: C:\Users\Red RexkUr\AppData\Roaming\ATLauncher\instances\lololol\mods\.connector\temp\mousewheelie-1.13.0+mc1.20.1$tweed4-annotated-1.20-1.3.1+mc1.20-pre1.jar.input
2024-10-31 01:05:58,056 - Created: C:\Users\Red RexkUr\AppData\Roaming\ATLauncher\instances\lololol\mods\.connector\temp\mousewheelie-1.13.0+mc1.20.1$tweed4-base-1.20-1.7.1+mc1.20-pre1.jar
2024-10-31 01:05:58,056 - Created: C:\Users\Red RexkUr\AppData\Roaming\ATLauncher\instances\lololol\mods\.connector\temp\mousewheelie-1.13.0+mc1.20.1$tweed4-base-1.20-1.7.1+mc1.20-pre1.jar.input
2024-10-31 01:05:58,077 - Created: C:\Users\Red RexkUr\AppData\Roaming\ATLauncher\instances\lololol\mods\.connector\temp\mousewheelie-1.13.0+mc1.20.1$tweed4-data-1.20-1.2.1+mc1.20-pre1.jar
2024-10-31 01:05:58,079 - Created: C:\Users\Red RexkUr\AppData\Roaming\ATLauncher\instances\lololol\mods\.connector\temp\mousewheelie-1.13.0+mc1.20.1$tweed4-data-1.20-1.2.1+mc1.20-pre1.jar.input
2024-10-31 01:05:58,140 - Created: C:\Users\Red RexkUr\AppData\Roaming\ATLauncher\instances\lololol\mods\.connector\temp\mousewheelie-1.13.0+mc1.20.1$tweed4-data-hjson-1.20-1.1.1+mc1.20-pre1.jar
2024-10-31 01:05:58,142 - Created: C:\Users\Red RexkUr\AppData\Roaming\ATLauncher\instances\lololol\mods\.connector\temp\mousewheelie-1.13.0+mc1.20.1$tweed4-data-hjson-1.20-1.1.1+mc1.20-pre1.jar.input
2024-10-31 01:05:58,156 - Created: C:\Users\Red RexkUr\AppData\Roaming\ATLauncher\instances\lololol\mods\.connector\temp\mousewheelie-1.13.0+mc1.20.1$tweed4-tailor-coat-1.20-1.1.3+mc1.20-pre1.jar
2024-10-31 01:05:58,157 - Created: C:\Users\Red RexkUr\AppData\Roaming\ATLauncher\instances\lololol\mods\.connector\temp\mousewheelie-1.13.0+mc1.20.1$tweed4-tailor-coat-1.20-1.1.3+mc1.20-pre1.jar.input
2024-10-31 01:05:58,253 - Created: C:\Users\Red RexkUr\AppData\Roaming\ATLauncher\instances\lololol\mods\.connector\temp\mousewheelie-1.13.0+mc1.20.1$tweed4-tailor-lang-json-descriptions-1.20-1.1.0+mc1.20-pre1.jar
2024-10-31 01:05:58,254 - Created: C:\Users\Red RexkUr\AppData\Roaming\ATLauncher\instances\lololol\mods\.connector\temp\mousewheelie-1.13.0+mc1.20.1$tweed4-tailor-lang-json-descriptions-1.20-1.1.0+mc1.20-pre1.jar.input
2024-10-31 01:05:58,280 - Created: C:\Users\Red RexkUr\AppData\Roaming\ATLauncher\instances\lololol\mods\.connector\temp\mousewheelie-1.13.0+mc1.20.1$tweed4-tailor-screen-1.20-1.1.4+mc1.20-pre1.jar
2024-10-31 01:05:58,281 - Created: C:\Users\Red RexkUr\AppData\Roaming\ATLauncher\instances\lololol\mods\.connector\temp\mousewheelie-1.13.0+mc1.20.1$tweed4-tailor-screen-1.20-1.1.4+mc1.20-pre1.jar.input
2024-10-31 01:06:03,027 - Created: C:\Users\Red RexkUr\AppData\Roaming\ATLauncher\instances\lololol\mods\.connector\mousewheelie-1.13.0+mc1.20.1$tweed4-data-hjson-1.20-1.1.1+mc1.20-pre1_mapped_srg_1.20.1.jar
2024-10-31 01:06:03,028 - Created: C:\Users\Red RexkUr\AppData\Roaming\ATLauncher\instances\lololol\mods\.connector\mousewheelie-1.13.0+mc1.20.1$tweed4-tailor-lang-json-descriptions-1.20-1.1.0+mc1.20-pre1_mapped_srg_1.20.1.jar
2024-10-31 01:06:03,035 - Created: C:\Users\Red RexkUr\AppData\Roaming\ATLauncher\instances\lololol\mods\.connector\mousewheelie-1.13.0+mc1.20.1$tweed4-data-1.20-1.2.1+mc1.20-pre1_mapped_srg_1.20.1.jar
2024-10-31 01:06:03,038 - Created: C:\Users\Red RexkUr\AppData\Roaming\ATLauncher\instances\lololol\mods\.connector\mousewheelie-1.13.0+mc1.20.1$tweed4-annotated-1.20-1.3.1+mc1.20-pre1_mapped_srg_1.20.1.jar
2024-10-31 01:06:03,169 - Created: C:\Users\Red RexkUr\AppData\Roaming\ATLauncher\instances\lololol\mods\.connector\mousewheelie-1.13.0+mc1.20.1$tweed4-data-hjson-1.20-1.1.1+mc1.20-pre1_mapped_srg_1.20.1.jar.input
2024-10-31 01:06:03,283 - Created: C:\Users\Red RexkUr\AppData\Roaming\ATLauncher\instances\lololol\mods\.connector\mousewheelie-1.13.0+mc1.20.1$tweed4-tailor-lang-json-descriptions-1.20-1.1.0+mc1.20-pre1_mapped_srg_1.20.1.jar.input
2024-10-31 01:06:03,434 - Created: C:\Users\Red RexkUr\AppData\Roaming\ATLauncher\instances\lololol\mods\.connector\mousewheelie-1.13.0+mc1.20.1$amecsapi-1.20-1.5.1+mc1.20-pre1_mapped_srg_1.20.1.jar
2024-10-31 01:06:03,541 - Created: C:\Users\Red RexkUr\AppData\Roaming\ATLauncher\instances\lololol\mods\.connector\mousewheelie-1.13.0+mc1.20.1$tweed4-tailor-screen-1.20-1.1.4+mc1.20-pre1_mapped_srg_1.20.1.jar
2024-10-31 01:06:03,551 - Created: C:\Users\Red RexkUr\AppData\Roaming\ATLauncher\instances\lololol\mods\.connector\mousewheelie-1.13.0+mc1.20.1$tweed4-tailor-coat-1.20-1.1.3+mc1.20-pre1_mapped_srg_1.20.1.jar
2024-10-31 01:06:03,554 - Created: C:\Users\Red RexkUr\AppData\Roaming\ATLauncher\instances\lololol\mods\.connector\mousewheelie-1.13.0+mc1.20.1$tweed4-data-1.20-1.2.1+mc1.20-pre1_mapped_srg_1.20.1.jar.input
2024-10-31 01:06:03,562 - Created: C:\Users\Red RexkUr\AppData\Roaming\ATLauncher\instances\lololol\mods\.connector\mousewheelie-1.13.0+mc1.20.1$coat-1.20-1.0.0-beta.20+mc1.20-pre1_mapped_srg_1.20.1.jar
2024-10-31 01:06:03,629 - Created: C:\Users\Red RexkUr\AppData\Roaming\ATLauncher\instances\lololol\mods\.connector\mousewheelie-1.13.0+mc1.20.1$tweed4-base-1.20-1.7.1+mc1.20-pre1_mapped_srg_1.20.1.jar
2024-10-31 01:06:03,648 - Created: C:\Users\Red RexkUr\AppData\Roaming\ATLauncher\instances\lololol\mods\.connector\mousewheelie-1.13.0+mc1.20.1$amecsapi-1.20-1.5.1+mc1.20-pre1_mapped_srg_1.20.1.jar.input
2024-10-31 01:06:03,657 - Created: C:\Users\Red RexkUr\AppData\Roaming\ATLauncher\instances\lololol\mods\.connector\mousewheelie-1.13.0+mc1.20.1_mapped_srg_1.20.1.jar
2024-10-31 01:06:03,752 - Created: C:\Users\Red RexkUr\AppData\Roaming\ATLauncher\instances\lololol\mods\.connector\mousewheelie-1.13.0+mc1.20.1$tweed4-annotated-1.20-1.3.1+mc1.20-pre1_mapped_srg_1.20.1.jar.input
2024-10-31 01:06:03,765 - Created: C:\Users\Red RexkUr\AppData\Roaming\ATLauncher\instances\lololol\mods\.connector\mousewheelie-1.13.0+mc1.20.1$tweed4-base-1.20-1.7.1+mc1.20-pre1_mapped_srg_1.20.1.jar.input
2024-10-31 01:06:03,768 - Created: C:\Users\Red RexkUr\AppData\Roaming\ATLauncher\instances\lololol\mods\.connector\mousewheelie-1.13.0+mc1.20.1$coat-1.20-1.0.0-beta.20+mc1.20-pre1_mapped_srg_1.20.1.jar.input
2024-10-31 01:06:03,871 - Created: C:\Users\Red RexkUr\AppData\Roaming\ATLauncher\instances\lololol\mods\.connector\mousewheelie-1.13.0+mc1.20.1$tweed4-tailor-screen-1.20-1.1.4+mc1.20-pre1_mapped_srg_1.20.1.jar.input
2024-10-31 01:06:03,905 - Created: C:\Users\Red RexkUr\AppData\Roaming\ATLauncher\instances\lololol\mods\.connector\mousewheelie-1.13.0+mc1.20.1_mapped_srg_1.20.1.jar.input
2024-10-31 01:06:03,954 - Created: C:\Users\Red RexkUr\AppData\Roaming\ATLauncher\instances\lololol\mods\.connector\mousewheelie-1.13.0+mc1.20.1$tweed4-tailor-coat-1.20-1.1.3+mc1.20-pre1_mapped_srg_1.20.1.jar.input
2024-10-31 01:07:08,670 - Created: C:\Users\Red RexkUr\AppData\Roaming\ATLauncher\instances\lololol\mods\ConnectorExtras-1.11.2+1.20.1.jar
