* This is the StructMobWeight report file that is output every time the server starts.
* 
* Spawn Balance Utility (SBU) will use this file ONLY if it is renamed to StructMobWeight.csv.
* Lines starting with '*' are comments and ignored
* It allows you to add and remove mobs and adjust their spawnweights for Structures
* like shipwrecks, nether fortresses, water monuments, etc.
* 
1, biomeswevegone:abandoned_prairie_house, HEADING, header:ignore, 0, 0, 0
2, dungeons_arise:abandoned_temple, HEADING, header:ignore, 0, 0, 0
3, dungeons_arise:abandoned_temple, MONSTER, minecraft:stray, 10, 1, 1
4, idas:abandonedhouse, HEADING, header:ignore, 0, 0, 0
5, alexscaves:abyssal_ruins, HEADING, header:ignore, 0, 0, 0
6, alexscaves:abyssal_ruins, MONSTER, alexscaves:mine_guardian, 20, 1, 2
7, hopo:acacia_mineshaft, HEADING, header:ignore, 0, 0, 0
8, alexscaves:acid_pit, HEADING, header:ignore, 0, 0, 0
9, totw_modded:aether, HEADING, header:ignore, 0, 0, 0
10, imst:airship, HEADING, header:ignore, 0, 0, 0
11, imst:airship, MONSTER, minecraft:pillager, 10, 1, 1
12, imst:alpine_house, HEADING, header:ignore, 0, 0, 0
13, graveyard:altar, HEADING, header:ignore, 0, 0, 0
14, betternether:altars, HEADING, header:ignore, 0, 0, 0
15, irons_spellbooks:ancient_battleground, HEADING, header:ignore, 0, 0, 0
16, minecraft:ancient_city, HEADING, header:ignore, 0, 0, 0
17, repurposed_structures:ancient_city_end, HEADING, header:ignore, 0, 0, 0
18, repurposed_structures:ancient_city_end, MONSTER, minecraft:phantom, 10, 1, 1
19, repurposed_structures:ancient_city_end, MONSTER, minecraft:endermite, 10, 3, 7
20, repurposed_structures:ancient_city_nether, HEADING, header:ignore, 0, 0, 0
21, repurposed_structures:ancient_city_nether, MONSTER, minecraft:ghast, 10, 6, 10
22, repurposed_structures:ancient_city_nether, MONSTER, minecraft:wither_skeleton, 10, 1, 3
23, repurposed_structures:ancient_city_ocean, HEADING, header:ignore, 0, 0, 0
24, repurposed_structures:ancient_city_ocean, MONSTER, minecraft:drowned, 10, 2, 5
25, philipsruins:ancient_crypt, HEADING, header:ignore, 0, 0, 0
26, philipsruins:ancient_dungeon, HEADING, header:ignore, 0, 0, 0
27, philipsruins:ancient_dungeon, MONSTER, minecraft:zombie, 10, 4, 12
28, cataclysm:ancient_factory, HEADING, header:ignore, 0, 0, 0
29, idas:ancient_mines, HEADING, header:ignore, 0, 0, 0
30, idas:ancient_mines, MONSTER, minecraft:silverfish, 10, 1, 1
31, idas:ancient_mines, MONSTER, quark:wraith, 10, 1, 1
32, terramity:ancient_outcrop, HEADING, header:ignore, 0, 0, 0
33, idas:ancient_portal/ancient_portal, HEADING, header:ignore, 0, 0, 0
34, idas:ancient_portal/ancient_portal, MONSTER, minecraft:silverfish, 10, 1, 4
35, idas:ancient_portal/ancient_portal, MONSTER, quark:wraith, 10, 1, 4
36, idas:ancient_portal/nether_ancient_portal, HEADING, header:ignore, 0, 0, 0
37, idas:ancient_portal/nether_ancient_portal, MONSTER, quark:wraith, 10, 1, 1
38, philipsruins:ancient_ruins, HEADING, header:ignore, 0, 0, 0
39, philipsruins:ancient_ruins, MONSTER, minecraft:zombie, 12, 5, 12
40, idas:ancient_statue/ancient_statue_desert, HEADING, header:ignore, 0, 0, 0
41, idas:ancient_statue/ancient_statue_jungle, HEADING, header:ignore, 0, 0, 0
42, idas:ancient_statue/ancient_statue_plains, HEADING, header:ignore, 0, 0, 0
43, ati_structures:ancient_temple, HEADING, header:ignore, 0, 0, 0
44, ati_structures:ancient_temple, MONSTER, minecraft:slime, 10, 1, 2
45, deeperdarker:ancient_temple, HEADING, header:ignore, 0, 0, 0
46, philipsruins:ancient_towers, HEADING, header:ignore, 0, 0, 0
47, philipsruins:ancient_towers, MONSTER, minecraft:zombie, 12, 5, 20
48, idas:animal_den/forest_den, HEADING, header:ignore, 0, 0, 0
49, idas:animal_den/foxhound_den, HEADING, header:ignore, 0, 0, 0
50, idas:animal_den/polar_bear_den, HEADING, header:ignore, 0, 0, 0
51, philipsruins:antiquus_crypta, HEADING, header:ignore, 0, 0, 0
52, philipsruins:antiquus_crypta, MONSTER, minecraft:skeleton, 15, 5, 15
53, philipsruins:antiquus_crypta, MONSTER, minecraft:zombie, 15, 7, 15
54, idas:apothecary_abode, HEADING, header:ignore, 0, 0, 0
55, idas:ars_nouveau/archmages_tower, HEADING, header:ignore, 0, 0, 0
56, iter_rpg:arthropod_catacombs, HEADING, header:ignore, 0, 0, 0
57, scguns:asgharian_citadel, HEADING, header:ignore, 0, 0, 0
58, scguns:asgharian_tower, HEADING, header:ignore, 0, 0, 0
59, minecolonies:asian_colony, HEADING, header:ignore, 0, 0, 0
60, minecolonies:asian_colony, CREATURE, minecraft:cat, 80, 1, 2
61, biomeswevegone:aspen_manor_1, HEADING, header:ignore, 0, 0, 0
62, biomeswevegone:aspen_manor_1, MONSTER, minecraft:vindicator, 25, 2, 4
63, biomeswevegone:aspen_manor_2, HEADING, header:ignore, 0, 0, 0
64, biomeswevegone:aspen_manor_2, MONSTER, minecraft:vindicator, 25, 2, 4
65, mes:astral_hideaway, HEADING, header:ignore, 0, 0, 0
66, mes:astral_meteorite, HEADING, header:ignore, 0, 0, 0
67, twilightforest:aurora_palace, HEADING, header:ignore, 0, 0, 0
68, dungeons_arise:aviary, HEADING, header:ignore, 0, 0, 0
69, dungeons_arise:aviary, MONSTER, minecraft:phantom, 60, 2, 3
70, totw_modded:badlands, HEADING, header:ignore, 0, 0, 0
71, nova_structures:badlands_miner_outpost, HEADING, header:ignore, 0, 0, 0
72, explorify:badlands_pyramid, HEADING, header:ignore, 0, 0, 0
73, philipsruins:badlands_start_dungeon, HEADING, header:ignore, 0, 0, 0
74, philipsruins:badlands_structures, HEADING, header:ignore, 0, 0, 0
75, bakery:bakery, HEADING, header:ignore, 0, 0, 0
76, bakery:bakery, CREATURE, minecraft:pig, 10, 1, 4
77, imst:balloon, HEADING, header:ignore, 0, 0, 0
78, keebsz:bamboo_battletower, HEADING, header:ignore, 0, 0, 0
79, hopo:bamboo_mineshaft, HEADING, header:ignore, 0, 0, 0
80, imst:bandit_camp, HEADING, header:ignore, 0, 0, 0
81, imst:bandit_camp, MONSTER, minecraft:pillager, 10, 1, 1
82, dungeons_arise:bandit_towers, HEADING, header:ignore, 0, 0, 0
83, dungeons_arise:bandit_village, HEADING, header:ignore, 0, 0, 0
84, takesapillage:bastille, HEADING, header:ignore, 0, 0, 0
85, minecraft:bastion_remnant, HEADING, header:ignore, 0, 0, 0
86, repurposed_structures:bastion_underground, HEADING, header:ignore, 0, 0, 0
87, repurposed_structures:bastion_underground, MONSTER, minecraft:skeleton, 10, 1, 4
88, dungeons_arise:bathhouse, HEADING, header:ignore, 0, 0, 0
89, idas:bazaar, HEADING, header:ignore, 0, 0, 0
90, mvs:beach_bar, HEADING, header:ignore, 0, 0, 0
91, idas:bearclaw_inn, HEADING, header:ignore, 0, 0, 0
92, imst:beehouse, HEADING, header:ignore, 0, 0, 0
93, imst:beehouse, AMBIENT, minecraft:bee, 10, 1, 1
94, idas:beekeepers_house, HEADING, header:ignore, 0, 0, 0
95, imst:berry_house, HEADING, header:ignore, 0, 0, 0
96, sonicraft:big_arms_arena, HEADING, header:ignore, 0, 0, 0
97, hopo:birch_mineshaft, HEADING, header:ignore, 0, 0, 0
98, mss:birch_river, HEADING, header:ignore, 0, 0, 0
99, minecells:black_bridge, HEADING, header:ignore, 0, 0, 0
100, explorify:black_spiral, HEADING, header:ignore, 0, 0, 0
101, twigs:bloodstone_obelisk, HEADING, header:ignore, 0, 0, 0
102, eeeabsmobs:bloody_altar, HEADING, header:ignore, 0, 0, 0
103, philipsruins:bone_dungeon, HEADING, header:ignore, 0, 0, 0
104, philipsruins:bone_dungeon, MONSTER, minecraft:skeleton, 10, 2, 8
105, philipsruins:bone_dungeon, MONSTER, minecraft:husk, 10, 5, 10
106, feur_extension_fossil:bones_tree, HEADING, header:ignore, 0, 0, 0
107, beautify:botanist_house_desert, HEADING, header:ignore, 0, 0, 0
108, beautify:botanist_house_plains, HEADING, header:ignore, 0, 0, 0
109, beautify:botanist_house_savanna, HEADING, header:ignore, 0, 0, 0
110, beautify:botanist_house_snowy, HEADING, header:ignore, 0, 0, 0
111, beautify:botanist_house_taiga, HEADING, header:ignore, 0, 0, 0
112, brewery:brewfest_tent, HEADING, header:ignore, 0, 0, 0
113, idas:brickhouse, HEADING, header:ignore, 0, 0, 0
114, aether:bronze_dungeon, HEADING, header:ignore, 0, 0, 0
115, nova_structures:bunker, HEADING, header:ignore, 0, 0, 0
116, minecraft:buried_treasure, HEADING, header:ignore, 0, 0, 0
117, cataclysm:burning_arena, HEADING, header:ignore, 0, 0, 0
118, imst:cactus_farm, HEADING, header:ignore, 0, 0, 0
119, alexscaves:cake_cave, HEADING, header:ignore, 0, 0, 0
120, mss:calcite_house, HEADING, header:ignore, 0, 0, 0
121, minecolonies:caledonia_colony, HEADING, header:ignore, 0, 0, 0
122, minecolonies:caledonia_colony, CREATURE, minecraft:cat, 80, 1, 2
123, explorify:campsite, HEADING, header:ignore, 0, 0, 0
124, abridged:canyon_bridge, HEADING, header:ignore, 0, 0, 0
125, imst:caravan, HEADING, header:ignore, 0, 0, 0
126, mvs:cartographer_tower, HEADING, header:ignore, 0, 0, 0
127, mvs:carts/cart, HEADING, header:ignore, 0, 0, 0
128, mvs:carts/large_cart_1, HEADING, header:ignore, 0, 0, 0
129, mvs:carts/large_cart_2, HEADING, header:ignore, 0, 0, 0
130, mvs:carts/medium_bamboo_cart, HEADING, header:ignore, 0, 0, 0
131, idas:castle, HEADING, header:ignore, 0, 0, 0
132, mss:castle_ruin, HEADING, header:ignore, 0, 0, 0
133, mss:castle_tower, HEADING, header:ignore, 0, 0, 0
134, bygonenether:catacomb, HEADING, header:ignore, 0, 0, 0
135, bygonenether:catacomb, MONSTER, minecraft:magma_cube, 10, 1, 1
136, irons_spellbooks:catacombs, HEADING, header:ignore, 0, 0, 0
137, irons_spellbooks:catacombs, MONSTER, irons_spellbooks:catacombs_zombie, 10, 1, 1
138, irons_spellbooks:catacombs, MONSTER, minecraft:skeleton, 10, 1, 1
139, irons_spellbooks:catacombs, MONSTER, irons_spellbooks:necromancer, 10, 1, 1
140, outer_end:catacombs, HEADING, header:ignore, 0, 0, 0
141, outer_end:catacombs, MONSTER, outer_end:entombed, 10, 1, 1
142, mvs:cathedral, HEADING, header:ignore, 0, 0, 0
143, mvs:cathedral, MONSTER, minecraft:skeleton, 10, 1, 2
144, mvs:cathedral, MONSTER, minecraft:zombie, 10, 2, 5
145, soulsweapons:cathedral_of_resurrection, HEADING, header:ignore, 0, 0, 0
146, soulsweapons:cathedral_of_resurrection, MONSTER, soulsweapons:dark_sorcerer, 80, 1, 4
147, dungeons_arise:ceryneian_hind, HEADING, header:ignore, 0, 0, 0
148, soulsweapons:champions_graves, HEADING, header:ignore, 0, 0, 0
149, sonicraft:chao_garden, HEADING, header:ignore, 0, 0, 0
150, netherexp:chapel, HEADING, header:ignore, 0, 0, 0
151, hopo:cherry_mineshaft, HEADING, header:ignore, 0, 0, 0
152, mss:cherry_river, HEADING, header:ignore, 0, 0, 0
153, terramity:chthonian_breach, HEADING, header:ignore, 0, 0, 0
154, terramity:chthonic_cathedral, HEADING, header:ignore, 0, 0, 0
155, terramity:chthonic_dungeon, HEADING, header:ignore, 0, 0, 0
156, spelunkery:cinnabar_wire, HEADING, header:ignore, 0, 0, 0
157, mns:circle_blackstone, HEADING, header:ignore, 0, 0, 0
158, mns:circle_nether_brick, HEADING, header:ignore, 0, 0, 0
159, bygonenether:citadel, HEADING, header:ignore, 0, 0, 0
160, bygonenether:citadel, MONSTER, bygonenether:warped_enderman, 10, 1, 1
161, bygonenether:citadel, MONSTER, minecraft:enderman, 10, 1, 1
162, friendsandfoes:citadel, HEADING, header:ignore, 0, 0, 0
163, friendsandfoes:citadel, MONSTER, minecraft:blaze, 10, 1, 2
164, repurposed_structures:city_nether, HEADING, header:ignore, 0, 0, 0
165, repurposed_structures:city_nether, MONSTER, minecraft:wither_skeleton, 10, 2, 3
166, repurposed_structures:city_nether, MONSTER, minecraft:blaze, 80, 1, 4
167, repurposed_structures:city_overworld, HEADING, header:ignore, 0, 0, 0
168, born_in_chaos_v1:clown_caravan_plains, HEADING, header:ignore, 0, 0, 0
169, born_in_chaos_v1:clown_caravan_savanna, HEADING, header:ignore, 0, 0, 0
170, born_in_chaos_v1:clown_caravan_taiga, HEADING, header:ignore, 0, 0, 0
171, keebsz:cobblestone_battletower, HEADING, header:ignore, 0, 0, 0
172, keebsz:cobblestone_battletower_underground, HEADING, header:ignore, 0, 0, 0
173, imst:cocoa_farm, HEADING, header:ignore, 0, 0, 0
174, dungeons_arise:coliseum, HEADING, header:ignore, 0, 0, 0
175, minecolonies:colonial_colony, HEADING, header:ignore, 0, 0, 0
176, minecolonies:colonial_colony, CREATURE, minecraft:cat, 80, 1, 2
177, nova_structures:conduit_ruin, HEADING, header:ignore, 0, 0, 0
178, nova_structures:conduit_ruin, MONSTER, minecraft:guardian, 10, 1, 1
179, nova_structures:conduit_ruin, MONSTER, minecraft:drowned, 10, 1, 2
180, soulsweapons:corrupt_altar, HEADING, header:ignore, 0, 0, 0
181, dungeons_arise_seven_seas:corsair_corvette, HEADING, header:ignore, 0, 0, 0
182, idas:cottage, HEADING, header:ignore, 0, 0, 0
183, terramity:court_of_gnomes, HEADING, header:ignore, 0, 0, 0
184, sonicraft:cpz_metal_sonic_arena, HEADING, header:ignore, 0, 0, 0
185, abridged:creek_bridge, HEADING, header:ignore, 0, 0, 0
186, nova_structures:creeping_crypt, HEADING, header:ignore, 0, 0, 0
187, graveyard:crypt, HEADING, header:ignore, 0, 0, 0
188, graveyard:crypt, MONSTER, graveyard:acolyte, 25, 1, 1
189, graveyard:crypt, MONSTER, graveyard:corrupted_vindicator, 35, 1, 3
190, graveyard:crypt, MONSTER, graveyard:corrupted_pillager, 35, 1, 3
191, mvs:crystal, HEADING, header:ignore, 0, 0, 0
192, cataclysm:cursed_pyramid, HEADING, header:ignore, 0, 0, 0
193, explorify:dark_forest_settlement, HEADING, header:ignore, 0, 0, 0
194, hopo:dark_oak_mineshaft, HEADING, header:ignore, 0, 0, 0
195, ati_structures:dark_tower, HEADING, header:ignore, 0, 0, 0
196, imst:dark_tower, HEADING, header:ignore, 0, 0, 0
197, twilightforest:dark_tower, HEADING, header:ignore, 0, 0, 0
198, born_in_chaos_v1:dark_tower_forest, HEADING, header:ignore, 0, 0, 0
199, born_in_chaos_v1:dark_tower_plain, HEADING, header:ignore, 0, 0, 0
200, born_in_chaos_v1:dark_tower_taiga, HEADING, header:ignore, 0, 0, 0
201, graveyard:dead_tree, HEADING, header:ignore, 0, 0, 0
202, mvs:dead_tree/acacia, HEADING, header:ignore, 0, 0, 0
203, mvs:dead_tree/birch, HEADING, header:ignore, 0, 0, 0
204, mvs:dead_tree/cherry, HEADING, header:ignore, 0, 0, 0
205, mvs:dead_tree/dark_oak, HEADING, header:ignore, 0, 0, 0
206, mvs:dead_tree/jungle, HEADING, header:ignore, 0, 0, 0
207, mvs:dead_tree/mangrove, HEADING, header:ignore, 0, 0, 0
208, mvs:dead_tree/oak, HEADING, header:ignore, 0, 0, 0
209, mvs:dead_tree/spruce, HEADING, header:ignore, 0, 0, 0
210, sonicraft:death_egg_magnet, HEADING, header:ignore, 0, 0, 0
211, soulsweapons:decaying_kingdom, HEADING, header:ignore, 0, 0, 0
212, ati_structures:deepslate_keep, HEADING, header:ignore, 0, 0, 0
213, hopo:deepslate_mineshaft, HEADING, header:ignore, 0, 0, 0
214, totw_modded:derelict, HEADING, header:ignore, 0, 0, 0
215, totw_modded:derelict_grass, HEADING, header:ignore, 0, 0, 0
216, totw_modded:desert, HEADING, header:ignore, 0, 0, 0
217, idas:desert_camp/desert_camp, HEADING, header:ignore, 0, 0, 0
218, idas:desert_camp/desert_camp_bygwindswept, HEADING, header:ignore, 0, 0, 0
219, idas:desert_camp/desert_camp_orange, HEADING, header:ignore, 0, 0, 0
220, idas:desert_camp/desert_camp_red, HEADING, header:ignore, 0, 0, 0
221, idas:desert_market/desert_market, HEADING, header:ignore, 0, 0, 0
222, idas:desert_market/desert_market_orange, HEADING, header:ignore, 0, 0, 0
223, idas:desert_market/desert_market_red, HEADING, header:ignore, 0, 0, 0
224, ati_structures:desert_outpost, HEADING, header:ignore, 0, 0, 0
225, idas:desert_pyramid, HEADING, header:ignore, 0, 0, 0
226, minecraft:desert_pyramid, HEADING, header:ignore, 0, 0, 0
227, mss:desert_pyramid, HEADING, header:ignore, 0, 0, 0
228, nova_structures:desert_ruins, HEADING, header:ignore, 0, 0, 0
229, explorify:desert_shrine, HEADING, header:ignore, 0, 0, 0
230, philipsruins:desert_structures, HEADING, header:ignore, 0, 0, 0
231, philipsruins:desert_structures, MONSTER, minecraft:husk, 15, 5, 15
232, betterdeserttemples:desert_temple, HEADING, header:ignore, 0, 0, 0
233, betterdeserttemples:desert_temple, MONSTER, minecraft:husk, 80, 10, 32
234, betterdeserttemples:desert_temple, CREATURE, minecraft:cat, 80, 4, 4
235, betterdeserttemples:desert_temple, CREATURE, minecraft:rabbit, 80, 4, 4
236, imst:desert_well, HEADING, header:ignore, 0, 0, 0
237, mss:desert_well, HEADING, header:ignore, 0, 0, 0
238, minecolonies:desertoasis_colony, HEADING, header:ignore, 0, 0, 0
239, minecolonies:desertoasis_colony, CREATURE, minecraft:cat, 80, 1, 2
240, netherexp:devils_bluff, HEADING, header:ignore, 0, 0, 0
241, idas:dig_site/dig_site, HEADING, header:ignore, 0, 0, 0
242, idas:dig_site/dig_site_desert, HEADING, header:ignore, 0, 0, 0
243, alexscaves:dino_bowl, HEADING, header:ignore, 0, 0, 0
244, mss:diorite_house, HEADING, header:ignore, 0, 0, 0
245, ati_structures:dojo, HEADING, header:ignore, 0, 0, 0
246, nova_structures:donjon, HEADING, header:ignore, 0, 0, 0
247, alexscaves:donut_arch, HEADING, header:ignore, 0, 0, 0
248, biomeswevegone:dripstone_arch, HEADING, header:ignore, 0, 0, 0
249, dungeoncrawl:dungeon, HEADING, header:ignore, 0, 0, 0
250, imst:el_dorado, HEADING, header:ignore, 0, 0, 0
251, imst:el_dorado, MONSTER, minecraft:pillager, 10, 1, 3
252, idas:enchantingtower, HEADING, header:ignore, 0, 0, 0
253, totw_modded:end, HEADING, header:ignore, 0, 0, 0
254, minecraft:end_city, HEADING, header:ignore, 0, 0, 0
255, minecraft:end_city, MONSTER, alexsmobs:mimicube, 40, 1, 3
256, philipsruins:end_gate_fortress, HEADING, header:ignore, 0, 0, 0
257, philipsruins:end_gate_fortress, MONSTER, minecraft:enderman, 15, 5, 15
258, philipsruins:end_ruins, HEADING, header:ignore, 0, 0, 0
259, explorify:end_shipwreck, HEADING, header:ignore, 0, 0, 0
260, outer_end:end_tower, HEADING, header:ignore, 0, 0, 0
261, outer_end:end_tower, MONSTER, outer_end:purpur_golem, 10, 1, 1
262, outer_end:end_tower, MONSTER, outer_end:himmelite, 10, 2, 4
263, betterend:end_village, HEADING, header:ignore, 0, 0, 0
264, mes:ender_spire, HEADING, header:ignore, 0, 0, 0
265, mes:enderbloom_grove, HEADING, header:ignore, 0, 0, 0
266, mes:enderkeep_courtyard, HEADING, header:ignore, 0, 0, 0
267, mes:enderpin_spikes, HEADING, header:ignore, 0, 0, 0
268, mes:enderskog, HEADING, header:ignore, 0, 0, 0
269, mes:enderwatch_tower, HEADING, header:ignore, 0, 0, 0
270, mes:endscraps, HEADING, header:ignore, 0, 0, 0
271, betterend:eternal_portal, HEADING, header:ignore, 0, 0, 0
272, totw_modded:everbright, HEADING, header:ignore, 0, 0, 0
273, totw_modded:everdawn, HEADING, header:ignore, 0, 0, 0
274, irons_spellbooks:evoker_fort, HEADING, header:ignore, 0, 0, 0
275, irons_spellbooks:evoker_fort, MONSTER, minecraft:pillager, 10, 2, 3
276, irons_spellbooks:evoker_fort, MONSTER, minecraft:vindicator, 10, 4, 4
277, towns_and_towers:exclusives/pillager_outpost_classic, HEADING, header:ignore, 0, 0, 0
278, towns_and_towers:exclusives/pillager_outpost_classic, MONSTER, minecraft:pillager, 10, 1, 2
279, towns_and_towers:exclusives/pillager_outpost_iberian, HEADING, header:ignore, 0, 0, 0
280, towns_and_towers:exclusives/pillager_outpost_iberian, MONSTER, minecraft:pillager, 10, 1, 2
281, towns_and_towers:exclusives/pillager_outpost_mediterranean, HEADING, header:ignore, 0, 0, 0
282, towns_and_towers:exclusives/pillager_outpost_mediterranean, MONSTER, minecraft:pillager, 10, 1, 2
283, towns_and_towers:exclusives/pillager_outpost_nilotic, HEADING, header:ignore, 0, 0, 0
284, towns_and_towers:exclusives/pillager_outpost_nilotic, MONSTER, minecraft:pillager, 10, 1, 2
285, towns_and_towers:exclusives/pillager_outpost_oriental, HEADING, header:ignore, 0, 0, 0
286, towns_and_towers:exclusives/pillager_outpost_oriental, MONSTER, minecraft:pillager, 10, 1, 2
287, towns_and_towers:exclusives/pillager_outpost_rustic, HEADING, header:ignore, 0, 0, 0
288, towns_and_towers:exclusives/pillager_outpost_rustic, MONSTER, minecraft:pillager, 10, 1, 2
289, towns_and_towers:exclusives/pillager_outpost_swedish, HEADING, header:ignore, 0, 0, 0
290, towns_and_towers:exclusives/pillager_outpost_swedish, MONSTER, minecraft:pillager, 10, 1, 2
291, towns_and_towers:exclusives/pillager_outpost_tudor, HEADING, header:ignore, 0, 0, 0
292, towns_and_towers:exclusives/pillager_outpost_tudor, MONSTER, minecraft:pillager, 10, 1, 2
293, towns_and_towers:exclusives/village_classic, HEADING, header:ignore, 0, 0, 0
294, towns_and_towers:exclusives/village_iberian, HEADING, header:ignore, 0, 0, 0
295, towns_and_towers:exclusives/village_mediterranean, HEADING, header:ignore, 0, 0, 0
296, towns_and_towers:exclusives/village_nilotic, HEADING, header:ignore, 0, 0, 0
297, towns_and_towers:exclusives/village_piglin, HEADING, header:ignore, 0, 0, 0
298, towns_and_towers:exclusives/village_piglin, MONSTER, minecraft:piglin, 10, 6, 8
299, towns_and_towers:exclusives/village_piglin, MONSTER, minecraft:piglin_brute, 10, 2, 3
300, towns_and_towers:exclusives/village_rustic, HEADING, header:ignore, 0, 0, 0
301, towns_and_towers:exclusives/village_swedish, HEADING, header:ignore, 0, 0, 0
302, towns_and_towers:exclusives/village_tudor, HEADING, header:ignore, 0, 0, 0
303, towns_and_towers:exclusives/village_wandering_trader_camp, HEADING, header:ignore, 0, 0, 0
304, tetra:extractor_ruin, HEADING, header:ignore, 0, 0, 0
305, terramity:fairy_fountain, HEADING, header:ignore, 0, 0, 0
306, born_in_chaos_v1:farm, HEADING, header:ignore, 0, 0, 0
307, idas:farmhouse, HEADING, header:ignore, 0, 0, 0
308, explorify:farmstead, HEADING, header:ignore, 0, 0, 0
309, alexscaves:ferrocave, HEADING, header:ignore, 0, 0, 0
310, philipsruins:field_stone_ruins, HEADING, header:ignore, 0, 0, 0
311, philipsruins:field_stone_ruins, MONSTER, minecraft:skeleton, 10, 2, 10
312, philipsruins:field_stone_ruins, MONSTER, minecraft:zombie, 12, 5, 12
313, philipsruins:field_stone_ruins_rocks, HEADING, header:ignore, 0, 0, 0
314, twilightforest:final_castle, HEADING, header:ignore, 0, 0, 0
315, terramity:fire_lookout_tower, HEADING, header:ignore, 0, 0, 0
316, illagerinvasion:firecaller_hut, HEADING, header:ignore, 0, 0, 0
317, nova_structures:firewatch_tower_birch, HEADING, header:ignore, 0, 0, 0
318, nova_structures:firewatch_tower_cherry, HEADING, header:ignore, 0, 0, 0
319, nova_structures:firewatch_tower_dark_oak, HEADING, header:ignore, 0, 0, 0
320, nova_structures:firewatch_tower_forest, HEADING, header:ignore, 0, 0, 0
321, nova_structures:firewatch_tower_jungle, HEADING, header:ignore, 0, 0, 0
322, nova_structures:firewatch_tower_mangrove, HEADING, header:ignore, 0, 0, 0
323, nova_structures:firewatch_tower_savanna, HEADING, header:ignore, 0, 0, 0
324, nova_structures:firewatch_tower_swamp, HEADING, header:ignore, 0, 0, 0
325, nova_structures:firewatch_tower_taiga, HEADING, header:ignore, 0, 0, 0
326, born_in_chaos_v1:firewell, HEADING, header:ignore, 0, 0, 0
327, idas:fishermans_lodge, HEADING, header:ignore, 0, 0, 0
328, dungeons_arise:fishing_hut, HEADING, header:ignore, 0, 0, 0
329, imst:flowerdome, HEADING, header:ignore, 0, 0, 0
330, alexscaves:forlorn_bridge, HEADING, header:ignore, 0, 0, 0
331, alexscaves:forlorn_canyon, HEADING, header:ignore, 0, 0, 0
332, ati_structures:fortified_temple, HEADING, header:ignore, 0, 0, 0
333, betterfortresses:fortress, HEADING, header:ignore, 0, 0, 0
334, betterfortresses:fortress, MONSTER, minecraft:blaze, 10, 2, 3
335, betterfortresses:fortress, MONSTER, minecraft:zombified_piglin, 10, 4, 4
336, betterfortresses:fortress, MONSTER, minecraft:wither_skeleton, 10, 5, 5
337, betterfortresses:fortress, MONSTER, minecraft:skeleton, 10, 5, 5
338, betterfortresses:fortress, MONSTER, minecraft:magma_cube, 10, 4, 4
339, minecraft:fortress, HEADING, header:ignore, 0, 0, 0
340, minecraft:fortress, MONSTER, minecraft:blaze, 10, 2, 3
341, minecraft:fortress, MONSTER, minecraft:zombified_piglin, 10, 4, 4
342, minecraft:fortress, MONSTER, minecraft:wither_skeleton, 10, 5, 5
343, minecraft:fortress, MONSTER, minecraft:skeleton, 10, 5, 5
344, minecraft:fortress, MONSTER, minecraft:magma_cube, 10, 4, 4
345, minecraft:fortress, MONSTER, cataclysm:ignited_berserker, 10, 1, 1
346, minecraft:fortress, MONSTER, celestisynth:star_monolith, 10, 1, 1
347, repurposed_structures:fortress_jungle, HEADING, header:ignore, 0, 0, 0
348, repurposed_structures:fortress_jungle, MONSTER, minecraft:wither_skeleton, 10, 1, 1
349, repurposed_structures:fortress_jungle, MONSTER, minecraft:skeleton, 10, 1, 3
350, repurposed_structures:fortress_jungle, MONSTER, minecraft:zombie, 10, 1, 4
351, repurposed_structures:fortress_jungle, MONSTER, minecraft:spider, 10, 1, 3
352, repurposed_structures:fortress_jungle, MONSTER, minecraft:creeper, 10, 1, 2
353, repurposed_structures:fortress_jungle, MONSTER, minecraft:enderman, 10, 1, 2
354, repurposed_structures:fortress_jungle, MONSTER, minecraft:witch, 10, 1, 2
355, feur_extension_fossil:fossil_arc, HEADING, header:ignore, 0, 0, 0
356, feur_extension_fossil:fossil_chest, HEADING, header:ignore, 0, 0, 0
357, feur_extension_fossil:fossil_fang, HEADING, header:ignore, 0, 0, 0
358, feur_extension_fossil:fossil_fish, HEADING, header:ignore, 0, 0, 0
359, feur_extension_fossil:fossil_hand, HEADING, header:ignore, 0, 0, 0
360, feur_extension_fossil:fossil_snake, HEADING, header:ignore, 0, 0, 0
361, imst:fossil_swamp, HEADING, header:ignore, 0, 0, 0
362, dungeons_arise:foundry, HEADING, header:ignore, 0, 0, 0
363, cataclysm:frosted_prison, HEADING, header:ignore, 0, 0, 0
364, mowziesmobs:frostmaw_spawn, HEADING, header:ignore, 0, 0, 0
365, idas:frozen_crypt, HEADING, header:ignore, 0, 0, 0
366, mss:frozen_pond, HEADING, header:ignore, 0, 0, 0
367, caupona:fumarole, HEADING, header:ignore, 0, 0, 0
368, mvs:gallows, HEADING, header:ignore, 0, 0, 0
369, betternether:gardens, HEADING, header:ignore, 0, 0, 0
370, bosses_of_mass_destruction:gauntlet_arena, HEADING, header:ignore, 0, 0, 0
371, iter_rpg:generic_dungeon, HEADING, header:ignore, 0, 0, 0
372, betternether:ghast_hive, HEADING, header:ignore, 0, 0, 0
373, betterend:giant_ice_star, HEADING, header:ignore, 0, 0, 0
374, betterend:giant_mossy_glowshroom, HEADING, header:ignore, 0, 0, 0
375, dungeons_arise:giant_mushroom, HEADING, header:ignore, 0, 0, 0
376, graveyard:giant_mushroom, HEADING, header:ignore, 0, 0, 0
377, alexscaves:gingerbread_town, HEADING, header:ignore, 0, 0, 0
378, alexscaves:gingerbread_town, MONSTER, alexscaves:gingerbread_man, 80, 4, 4
379, totw_modded:glacio, HEADING, header:ignore, 0, 0, 0
380, ati_structures:gnome_hut, HEADING, header:ignore, 0, 0, 0
381, iter_rpg:goblin_camp, HEADING, header:ignore, 0, 0, 0
382, aether:gold_dungeon, HEADING, header:ignore, 0, 0, 0
383, iceandfire:gorgon_temple, HEADING, header:ignore, 0, 0, 0
384, ati_structures:granite_fort, HEADING, header:ignore, 0, 0, 0
385, born_in_chaos_v1:grave_2003wise, HEADING, header:ignore, 0, 0, 0
386, born_in_chaos_v1:grave_darktitan, HEADING, header:ignore, 0, 0, 0
387, born_in_chaos_v1:grave_derivas, HEADING, header:ignore, 0, 0, 0
388, born_in_chaos_v1:grave_fubuki_banzai, HEADING, header:ignore, 0, 0, 0
389, born_in_chaos_v1:grave_orion, HEADING, header:ignore, 0, 0, 0
390, born_in_chaos_v1:grave_petasi, HEADING, header:ignore, 0, 0, 0
391, mns:grave_yard, HEADING, header:ignore, 0, 0, 0
392, iceandfire:graveyard, HEADING, header:ignore, 0, 0, 0
393, dungeons_arise:greenwood_pub, HEADING, header:ignore, 0, 0, 0
394, ars_nouveau:guardian_wilden_den, HEADING, header:ignore, 0, 0, 0
395, ars_nouveau:guardian_wilden_den, MONSTER, ars_nouveau:wilden_guardian, 10, 1, 3
396, explorify:guide_post_cold, HEADING, header:ignore, 0, 0, 0
397, explorify:guide_post_warm, HEADING, header:ignore, 0, 0, 0
398, eeeabsmobs:guling, HEADING, header:ignore, 0, 0, 0
399, nova_structures:hamlet, HEADING, header:ignore, 0, 0, 0
400, graveyard:haunted_house, HEADING, header:ignore, 0, 0, 0
401, idas:haunted_manor, HEADING, header:ignore, 0, 0, 0
402, idas:haunted_manor, MONSTER, quark:wraith, 10, 3, 4
403, ati_structures:haunted_ruin, HEADING, header:ignore, 0, 0, 0
404, dungeons_arise:heavenly_challenger, HEADING, header:ignore, 0, 0, 0
405, dungeons_arise:heavenly_conqueror, HEADING, header:ignore, 0, 0, 0
406, dungeons_arise:heavenly_rider, HEADING, header:ignore, 0, 0, 0
407, twilightforest:hedge_maze, HEADING, header:ignore, 0, 0, 0
408, idas:hermits_hollow, HEADING, header:ignore, 0, 0, 0
409, ati_structures:herobrine_stronghold, HEADING, header:ignore, 0, 0, 0
410, sonicraft:hidden_palace, HEADING, header:ignore, 0, 0, 0
411, mvs:horse_pen, HEADING, header:ignore, 0, 0, 0
412, mvs:houses/azelea_house, HEADING, header:ignore, 0, 0, 0
413, mvs:houses/barn, HEADING, header:ignore, 0, 0, 0
414, mvs:houses/deepslate_house, HEADING, header:ignore, 0, 0, 0
415, mvs:houses/desert_house, HEADING, header:ignore, 0, 0, 0
416, mvs:houses/flower_hole, HEADING, header:ignore, 0, 0, 0
417, mvs:houses/house, HEADING, header:ignore, 0, 0, 0
418, mvs:houses/large_floating_island, HEADING, header:ignore, 0, 0, 0
419, mvs:houses/large_warped_tower, HEADING, header:ignore, 0, 0, 0
420, mvs:houses/medium_igloo_1, HEADING, header:ignore, 0, 0, 0
421, mvs:houses/medium_igloo_2, HEADING, header:ignore, 0, 0, 0
422, mvs:houses/small_igloo, HEADING, header:ignore, 0, 0, 0
423, mvs:houses/small_swamp_house, HEADING, header:ignore, 0, 0, 0
424, mvs:houses/tall_house, HEADING, header:ignore, 0, 0, 0
425, mvs:houses/warped_house, HEADING, header:ignore, 0, 0, 0
426, ars_nouveau:hunter_wilden_den, HEADING, header:ignore, 0, 0, 0
427, ars_nouveau:hunter_wilden_den, MONSTER, ars_nouveau:wilden_hunter, 10, 3, 3
428, idas:hunters_cabin, HEADING, header:ignore, 0, 0, 0
429, twilightforest:hydra_lair, HEADING, header:ignore, 0, 0, 0
430, sonicraft:hydrocity_1, HEADING, header:ignore, 0, 0, 0
431, sonicraft:hydrocity_1_scorched, HEADING, header:ignore, 0, 0, 0
432, totw_modded:ice, HEADING, header:ignore, 0, 0, 0
433, aquamirae:ice_maze/arch, HEADING, header:ignore, 0, 0, 0
434, aquamirae:ice_maze/arch, MONSTER, aquamirae:maw, 50, 1, 2
435, aquamirae:ice_maze/arch, AMBIENT, aquamirae:golden_moth, 10, 1, 2
436, aquamirae:ice_maze/common, HEADING, header:ignore, 0, 0, 0
437, aquamirae:ice_maze/common, MONSTER, aquamirae:maw, 50, 1, 2
438, aquamirae:ice_maze/spiral, HEADING, header:ignore, 0, 0, 0
439, aquamirae:ice_maze/spiral, MONSTER, aquamirae:maw, 50, 2, 6
440, ati_structures:ice_tribe, HEADING, header:ignore, 0, 0, 0
441, ati_structures:ice_tribe, MONSTER, minecraft:pig, 10, 1, 2
442, idas:iceandfire/dread_citadel, HEADING, header:ignore, 0, 0, 0
443, friendsandfoes:iceologer_cabin, HEADING, header:ignore, 0, 0, 0
444, friendsandfoes:iceologer_cabin, MONSTER, friendsandfoes:iceologer, 10, 1, 1
445, imst:igloo, HEADING, header:ignore, 0, 0, 0
446, imst:igloo, MONSTER, minecraft:zombie_villager, 10, 1, 1
447, minecraft:igloo, HEADING, header:ignore, 0, 0, 0
448, repurposed_structures:igloo_grassy, HEADING, header:ignore, 0, 0, 0
449, repurposed_structures:igloo_mangrove, HEADING, header:ignore, 0, 0, 0
450, repurposed_structures:igloo_mushroom, HEADING, header:ignore, 0, 0, 0
451, repurposed_structures:igloo_stone, HEADING, header:ignore, 0, 0, 0
452, nova_structures:illager_camp, HEADING, header:ignore, 0, 0, 0
453, dungeons_arise:illager_campsite, HEADING, header:ignore, 0, 0, 0
454, dungeons_arise:illager_corsair, HEADING, header:ignore, 0, 0, 0
455, dungeons_arise:illager_fort, HEADING, header:ignore, 0, 0, 0
456, illagerinvasion:illager_fort, HEADING, header:ignore, 0, 0, 0
457, illagerinvasion:illager_fort, MONSTER, minecraft:pillager, 10, 1, 1
458, illagerinvasion:illager_fort, MONSTER, illagerinvasion:marauder, 10, 1, 1
459, illagerinvasion:illager_fort, MONSTER, illagerinvasion:basher, 10, 1, 1
460, illagerinvasion:illager_fort, MONSTER, illagerinvasion:provoker, 10, 1, 1
461, dungeons_arise:illager_galley, HEADING, header:ignore, 0, 0, 0
462, nova_structures:illager_hideout, HEADING, header:ignore, 0, 0, 0
463, nova_structures:illager_manor, HEADING, header:ignore, 0, 0, 0
464, dungeons_arise:illager_windmill, HEADING, header:ignore, 0, 0, 0
465, friendsandfoes:illusioner_shack, HEADING, header:ignore, 0, 0, 0
466, friendsandfoes:illusioner_shack, MONSTER, minecraft:illusioner, 10, 1, 1
467, illagerinvasion:illusioner_tower, HEADING, header:ignore, 0, 0, 0
468, friendsandfoes:illusioner_training_grounds, HEADING, header:ignore, 0, 0, 0
469, friendsandfoes:illusioner_training_grounds, MONSTER, minecraft:illusioner, 10, 1, 1
470, friendsandfoes:illusioner_training_grounds, MONSTER, minecraft:pillager, 10, 1, 2
471, irons_spellbooks:impaled_icebreaker, HEADING, header:ignore, 0, 0, 0
472, minecolonies:incan_colony, HEADING, header:ignore, 0, 0, 0
473, minecolonies:incan_colony, CREATURE, minecraft:cat, 80, 1, 2
474, born_in_chaos_v1:infernal_pumpkin, HEADING, header:ignore, 0, 0, 0
475, terramity:infested_laboratory, HEADING, header:ignore, 0, 0, 0
476, dungeons_arise:infested_temple, HEADING, header:ignore, 0, 0, 0
477, minecells:insufferable_crypt, HEADING, header:ignore, 0, 0, 0
478, biomeswevegone:ironwood_gour_plateau, HEADING, header:ignore, 0, 0, 0
479, mss:jungle, HEADING, header:ignore, 0, 0, 0
480, totw_modded:jungle, HEADING, header:ignore, 0, 0, 0
481, hopo:jungle_mineshaft, HEADING, header:ignore, 0, 0, 0
482, minecraft:jungle_pyramid, HEADING, header:ignore, 0, 0, 0
483, nova_structures:jungle_ruins, HEADING, header:ignore, 0, 0, 0
484, ati_structures:jungle_settlement, HEADING, header:ignore, 0, 0, 0
485, betterjungletemples:jungle_temple, HEADING, header:ignore, 0, 0, 0
486, betternether:jungle_temples, HEADING, header:ignore, 0, 0, 0
487, mvs:jungle_tower, HEADING, header:ignore, 0, 0, 0
488, dungeons_arise:jungle_tree_house, HEADING, header:ignore, 0, 0, 0
489, dungeons_arise:keep_kayra, HEADING, header:ignore, 0, 0, 0
490, twilightforest:knight_stronghold, HEADING, header:ignore, 0, 0, 0
491, dungeonnowloading:labyrinth, HEADING, header:ignore, 0, 0, 0
492, dungeonnowloading:labyrinth, MONSTER, minecraft:spider, 80, 4, 4
493, dungeonnowloading:labyrinth, MONSTER, minecraft:zombie, 80, 4, 4
494, dungeonnowloading:labyrinth, MONSTER, minecraft:zombie_villager, 10, 1, 1
495, dungeonnowloading:labyrinth, MONSTER, minecraft:skeleton, 80, 4, 4
496, dungeonnowloading:labyrinth, MONSTER, minecraft:creeper, 80, 4, 4
497, dungeonnowloading:labyrinth, MONSTER, minecraft:slime, 80, 4, 4
498, dungeonnowloading:labyrinth, MONSTER, minecraft:enderman, 10, 1, 4
499, dungeonnowloading:labyrinth, MONSTER, minecraft:witch, 10, 1, 1
500, dungeonnowloading:labyrinth, MONSTER, minecraft:drowned, 80, 4, 4
501, dungeonnowloading:labyrinth, AMBIENT, minecraft:bat, 10, 8, 8
502, dungeonnowloading:labyrinth, UNDERGROUND_WATER_CREATURE, minecraft:glow_squid, 10, 4, 6
503, idas:labyrinth, HEADING, header:ignore, 0, 0, 0
504, illagerinvasion:labyrinth, HEADING, header:ignore, 0, 0, 0
505, twilightforest:labyrinth, HEADING, header:ignore, 0, 0, 0
506, sonicraft:labyrinth_zone, HEADING, header:ignore, 0, 0, 0
507, deep_aether:lake_oasis, HEADING, header:ignore, 0, 0, 0
508, deep_aether:lake_oasis, CREATURE, minecraft:pig, 10, 4, 10
509, mvs:lantern/medium_oak_lantern, HEADING, header:ignore, 0, 0, 0
510, mvs:lantern/small_acacia_lantern, HEADING, header:ignore, 0, 0, 0
511, mvs:lantern/small_bamboo_lantern, HEADING, header:ignore, 0, 0, 0
512, mvs:lantern/small_birch_lantern, HEADING, header:ignore, 0, 0, 0
513, mvs:lantern/small_campfire_lantern, HEADING, header:ignore, 0, 0, 0
514, mvs:lantern/small_cherry_lantern, HEADING, header:ignore, 0, 0, 0
515, mvs:lantern/small_dark_oak_lantern, HEADING, header:ignore, 0, 0, 0
516, mvs:lantern/small_jungle_lantern, HEADING, header:ignore, 0, 0, 0
517, mvs:lantern/small_mangrove_lantern, HEADING, header:ignore, 0, 0, 0
518, mvs:lantern/small_oak_lantern, HEADING, header:ignore, 0, 0, 0
519, mvs:lantern/small_spruce_lantern, HEADING, header:ignore, 0, 0, 0
520, aether:large_aercloud, HEADING, header:ignore, 0, 0, 0
521, mns:large_blackstone_pillars, HEADING, header:ignore, 0, 0, 0
522, mns:large_blackstone_walls, HEADING, header:ignore, 0, 0, 0
523, biomeswevegone:large_cold_lake, HEADING, header:ignore, 0, 0, 0
524, biomeswevegone:large_cold_lake, WATER_AMBIENT, minecraft:salmon, 10, 4, 10
525, graveyard:large_graveyard, HEADING, header:ignore, 0, 0, 0
526, graveyard:large_graveyard, MONSTER, graveyard:skeleton_creeper, 35, 1, 1
527, graveyard:large_graveyard, MONSTER, graveyard:revenant, 45, 1, 3
528, graveyard:large_graveyard, MONSTER, graveyard:ghoul, 50, 2, 4
529, twilightforest:large_hollow_hill, HEADING, header:ignore, 0, 0, 0
530, mns:large_nether_brick, HEADING, header:ignore, 0, 0, 0
531, mss:large_tower, HEADING, header:ignore, 0, 0, 0
532, mns:lava_pool, HEADING, header:ignore, 0, 0, 0
533, mss:leaf_hollow, HEADING, header:ignore, 0, 0, 0
534, philipsruins:level_one_ruins, HEADING, header:ignore, 0, 0, 0
535, philipsruins:level_one_ruins, MONSTER, minecraft:skeleton, 10, 2, 10
536, philipsruins:level_one_ruins, MONSTER, minecraft:zombie, 12, 5, 12
537, philipsruins:level_three_ruins, HEADING, header:ignore, 0, 0, 0
538, philipsruins:level_two_ruins, HEADING, header:ignore, 0, 0, 0
539, philipsruins:level_two_ruins_pool, HEADING, header:ignore, 0, 0, 0
540, graveyard:lich_prison, HEADING, header:ignore, 0, 0, 0
541, bosses_of_mass_destruction:lich_tower, HEADING, header:ignore, 0, 0, 0
542, twilightforest:lich_tower, HEADING, header:ignore, 0, 0, 0
543, alexscaves:licowitch_tower, HEADING, header:ignore, 0, 0, 0
544, alexscaves:licowitch_tower, MONSTER, alexscaves:licowitch, 70, 1, 1
545, alexscaves:licowitch_tower, MONSTER, minecraft:witch, 30, 1, 1
546, ati_structures:lighthouse, HEADING, header:ignore, 0, 0, 0
547, dungeons_arise:lighthouse, HEADING, header:ignore, 0, 0, 0
548, mvs:log_pile/acacia_log_pile, HEADING, header:ignore, 0, 0, 0
549, mvs:log_pile/birch_log_pile, HEADING, header:ignore, 0, 0, 0
550, mvs:log_pile/dark_oak_log_pile, HEADING, header:ignore, 0, 0, 0
551, mvs:log_pile/jungle_log_pile, HEADING, header:ignore, 0, 0, 0
552, mvs:log_pile/oak_log_pile, HEADING, header:ignore, 0, 0, 0
553, mvs:log_pile/spruce_log_pile, HEADING, header:ignore, 0, 0, 0
554, philipsruins:lost_soul_city, HEADING, header:ignore, 0, 0, 0
555, philipsruins:lost_soul_city, MONSTER, minecraft:wither_skeleton, 10, 1, 2
556, philipsruins:lost_soul_dungeon, HEADING, header:ignore, 0, 0, 0
557, philipsruins:lost_soul_dungeon, MONSTER, minecraft:wither_skeleton, 10, 1, 5
558, minecolonies:lostmesacity_colony, HEADING, header:ignore, 0, 0, 0
559, minecolonies:lostmesacity_colony, CREATURE, minecraft:cat, 80, 1, 2
560, idas:lumber_camp/lumber_camp_acacia, HEADING, header:ignore, 0, 0, 0
561, idas:lumber_camp/lumber_camp_birch, HEADING, header:ignore, 0, 0, 0
562, idas:lumber_camp/lumber_camp_bopmahogany, HEADING, header:ignore, 0, 0, 0
563, idas:lumber_camp/lumber_camp_bopredwood, HEADING, header:ignore, 0, 0, 0
564, idas:lumber_camp/lumber_camp_bygmahogany, HEADING, header:ignore, 0, 0, 0
565, idas:lumber_camp/lumber_camp_bygredwood, HEADING, header:ignore, 0, 0, 0
566, idas:lumber_camp/lumber_camp_dark_oak, HEADING, header:ignore, 0, 0, 0
567, idas:lumber_camp/lumber_camp_jungle, HEADING, header:ignore, 0, 0, 0
568, idas:lumber_camp/lumber_camp_oak, HEADING, header:ignore, 0, 0, 0
569, idas:lumber_camp/lumber_camp_spruce, HEADING, header:ignore, 0, 0, 0
570, imst:lumberjack/acacia_hut, HEADING, header:ignore, 0, 0, 0
571, imst:lumberjack/birch_hut, HEADING, header:ignore, 0, 0, 0
572, imst:lumberjack/dark_oak_hut, HEADING, header:ignore, 0, 0, 0
573, imst:lumberjack/jungle_hut, HEADING, header:ignore, 0, 0, 0
574, imst:lumberjack/mangrove_hut, HEADING, header:ignore, 0, 0, 0
575, imst:lumberjack/oak_hut, HEADING, header:ignore, 0, 0, 0
576, imst:lumberjack/spruce_hut, HEADING, header:ignore, 0, 0, 0
577, biomeswevegone:lush_arch, HEADING, header:ignore, 0, 0, 0
578, mss:mangrove, HEADING, header:ignore, 0, 0, 0
579, explorify:mangrove_hut, HEADING, header:ignore, 0, 0, 0
580, irons_spellbooks:mangrove_hut, HEADING, header:ignore, 0, 0, 0
581, hopo:mangrove_mineshaft, HEADING, header:ignore, 0, 0, 0
582, nova_structures:mangrove_witch_hut, HEADING, header:ignore, 0, 0, 0
583, nova_structures:mangrove_witch_hut, MONSTER, minecraft:witch, 10, 1, 1
584, nova_structures:mangrove_witch_hut, CREATURE, minecraft:cat, 10, 1, 1
585, ati_structures:manor, HEADING, header:ignore, 0, 0, 0
586, ati_structures:manor, MONSTER, minecraft:pillager, 10, 1, 1
587, minecraft:mansion, HEADING, header:ignore, 0, 0, 0
588, repurposed_structures:mansion_birch, HEADING, header:ignore, 0, 0, 0
589, repurposed_structures:mansion_desert, HEADING, header:ignore, 0, 0, 0
590, repurposed_structures:mansion_jungle, HEADING, header:ignore, 0, 0, 0
591, repurposed_structures:mansion_mangrove, HEADING, header:ignore, 0, 0, 0
592, repurposed_structures:mansion_oak, HEADING, header:ignore, 0, 0, 0
593, repurposed_structures:mansion_savanna, HEADING, header:ignore, 0, 0, 0
594, repurposed_structures:mansion_snowy, HEADING, header:ignore, 0, 0, 0
595, repurposed_structures:mansion_taiga, HEADING, header:ignore, 0, 0, 0
596, mes:manuscript_shrine, HEADING, header:ignore, 0, 0, 0
597, sonicraft:marble_cave_1, HEADING, header:ignore, 0, 0, 0
598, ati_structures:marble_chateau, HEADING, header:ignore, 0, 0, 0
599, totw_modded:mars, HEADING, header:ignore, 0, 0, 0
600, explorify:mausoleum, HEADING, header:ignore, 0, 0, 0
601, iceandfire:mausoleum, HEADING, header:ignore, 0, 0, 0
602, terramity:mausoleum, HEADING, header:ignore, 0, 0, 0
603, sonicraft:mean_bean_machine, HEADING, header:ignore, 0, 0, 0
604, dungeons_arise:mechanical_nest, HEADING, header:ignore, 0, 0, 0
605, minecolonies:medieval_birch_colony, HEADING, header:ignore, 0, 0, 0
606, minecolonies:medieval_birch_colony, CREATURE, minecraft:cat, 80, 1, 2
607, minecolonies:medieval_dark_oak_colony, HEADING, header:ignore, 0, 0, 0
608, minecolonies:medieval_dark_oak_colony, CREATURE, minecraft:cat, 80, 1, 2
609, minecolonies:medieval_oak_colony, HEADING, header:ignore, 0, 0, 0
610, minecolonies:medieval_oak_colony, CREATURE, minecraft:cat, 80, 1, 2
611, minecolonies:medieval_spruce_colony, HEADING, header:ignore, 0, 0, 0
612, minecolonies:medieval_spruce_colony, CREATURE, minecraft:cat, 80, 1, 2
613, mns:medium_blackstone, HEADING, header:ignore, 0, 0, 0
614, mns:medium_crimson_fungus, HEADING, header:ignore, 0, 0, 0
615, mns:medium_crimson_fungus_2, HEADING, header:ignore, 0, 0, 0
616, mns:medium_crimson_well, HEADING, header:ignore, 0, 0, 0
617, graveyard:medium_graveyard, HEADING, header:ignore, 0, 0, 0
618, graveyard:medium_graveyard, MONSTER, graveyard:skeleton_creeper, 35, 1, 1
619, graveyard:medium_graveyard, MONSTER, graveyard:revenant, 45, 1, 3
620, graveyard:medium_graveyard, MONSTER, graveyard:ghoul, 50, 2, 4
621, twilightforest:medium_hollow_hill, HEADING, header:ignore, 0, 0, 0
622, mns:medium_house, HEADING, header:ignore, 0, 0, 0
623, mns:medium_house_2, HEADING, header:ignore, 0, 0, 0
624, mns:medium_warped_fungus, HEADING, header:ignore, 0, 0, 0
625, mns:medium_warped_fungus_2, HEADING, header:ignore, 0, 0, 0
626, mns:medium_warped_well, HEADING, header:ignore, 0, 0, 0
627, netherexp:mega_fossil, HEADING, header:ignore, 0, 0, 0
628, netherexp:mega_fossil_campsite, HEADING, header:ignore, 0, 0, 0
629, netherexp:mega_fossil_campsite, MONSTER, minecraft:skeleton, 10, 1, 1
630, netherexp:mega_fossil_campsite, MONSTER, netherexp:vessel, 10, 1, 1
631, betterend:megalake, HEADING, header:ignore, 0, 0, 0
632, betterend:megalake_small, HEADING, header:ignore, 0, 0, 0
633, graveyard:memorial_tree, HEADING, header:ignore, 0, 0, 0
634, dungeons_arise:merchant_campsite, HEADING, header:ignore, 0, 0, 0
635, totw_modded:mercury, HEADING, header:ignore, 0, 0, 0
636, towns_and_towers:mimic_desert, HEADING, header:ignore, 0, 0, 0
637, minecraft:mineshaft, HEADING, header:ignore, 0, 0, 0
638, minecraft:mineshaft, AMBIENT, alexsmobs:underminer, 50, 1, 1
639, bettermineshafts:mineshaft_acacia, HEADING, header:ignore, 0, 0, 0
640, bettermineshafts:mineshaft_acacia, AMBIENT, alexsmobs:underminer, 50, 1, 1
641, repurposed_structures:mineshaft_birch, HEADING, header:ignore, 0, 0, 0
642, repurposed_structures:mineshaft_birch, AMBIENT, alexsmobs:underminer, 50, 1, 1
643, repurposed_structures:mineshaft_crimson, HEADING, header:ignore, 0, 0, 0
644, repurposed_structures:mineshaft_crimson, AMBIENT, alexsmobs:underminer, 50, 1, 1
645, repurposed_structures:mineshaft_dark_forest, HEADING, header:ignore, 0, 0, 0
646, repurposed_structures:mineshaft_dark_forest, AMBIENT, alexsmobs:underminer, 50, 1, 1
647, bettermineshafts:mineshaft_desert, HEADING, header:ignore, 0, 0, 0
648, bettermineshafts:mineshaft_desert, AMBIENT, alexsmobs:underminer, 50, 1, 1
649, repurposed_structures:mineshaft_desert, HEADING, header:ignore, 0, 0, 0
650, repurposed_structures:mineshaft_desert, AMBIENT, alexsmobs:underminer, 50, 1, 1
651, bettermineshafts:mineshaft_dripstone, HEADING, header:ignore, 0, 0, 0
652, bettermineshafts:mineshaft_dripstone, AMBIENT, alexsmobs:underminer, 50, 1, 1
653, repurposed_structures:mineshaft_end, HEADING, header:ignore, 0, 0, 0
654, repurposed_structures:mineshaft_end, MONSTER, minecraft:endermite, 10, 2, 5
655, repurposed_structures:mineshaft_end, MONSTER, minecraft:enderman, 10, 1, 3
656, repurposed_structures:mineshaft_end, AMBIENT, alexsmobs:underminer, 50, 1, 1
657, bettermineshafts:mineshaft_ice, HEADING, header:ignore, 0, 0, 0
658, bettermineshafts:mineshaft_ice, AMBIENT, alexsmobs:underminer, 50, 1, 1
659, repurposed_structures:mineshaft_icy, HEADING, header:ignore, 0, 0, 0
660, repurposed_structures:mineshaft_icy, AMBIENT, alexsmobs:underminer, 50, 1, 1
661, bettermineshafts:mineshaft_jungle, HEADING, header:ignore, 0, 0, 0
662, bettermineshafts:mineshaft_jungle, AMBIENT, alexsmobs:underminer, 50, 1, 1
663, repurposed_structures:mineshaft_jungle, HEADING, header:ignore, 0, 0, 0
664, repurposed_structures:mineshaft_jungle, AMBIENT, alexsmobs:underminer, 50, 1, 1
665, bettermineshafts:mineshaft_lush, HEADING, header:ignore, 0, 0, 0
666, bettermineshafts:mineshaft_lush, AMBIENT, alexsmobs:underminer, 50, 1, 1
667, bettermineshafts:mineshaft_mesa, HEADING, header:ignore, 0, 0, 0
668, bettermineshafts:mineshaft_mesa, AMBIENT, alexsmobs:underminer, 50, 1, 1
669, minecraft:mineshaft_mesa, HEADING, header:ignore, 0, 0, 0
670, minecraft:mineshaft_mesa, AMBIENT, alexsmobs:underminer, 50, 1, 1
671, bettermineshafts:mineshaft_mushroom, HEADING, header:ignore, 0, 0, 0
672, bettermineshafts:mineshaft_mushroom, AMBIENT, alexsmobs:underminer, 50, 1, 1
673, repurposed_structures:mineshaft_nether, HEADING, header:ignore, 0, 0, 0
674, repurposed_structures:mineshaft_nether, AMBIENT, alexsmobs:underminer, 50, 1, 1
675, bettermineshafts:mineshaft_oak, HEADING, header:ignore, 0, 0, 0
676, bettermineshafts:mineshaft_oak, AMBIENT, alexsmobs:underminer, 50, 1, 1
677, repurposed_structures:mineshaft_ocean, HEADING, header:ignore, 0, 0, 0
678, repurposed_structures:mineshaft_ocean, AMBIENT, alexsmobs:underminer, 50, 1, 1
679, bettermineshafts:mineshaft_overgrown, HEADING, header:ignore, 0, 0, 0
680, bettermineshafts:mineshaft_overgrown, AMBIENT, alexsmobs:underminer, 50, 1, 1
681, bettermineshafts:mineshaft_red_desert, HEADING, header:ignore, 0, 0, 0
682, bettermineshafts:mineshaft_red_desert, AMBIENT, alexsmobs:underminer, 50, 1, 1
683, repurposed_structures:mineshaft_savanna, HEADING, header:ignore, 0, 0, 0
684, repurposed_structures:mineshaft_savanna, AMBIENT, alexsmobs:underminer, 50, 1, 1
685, bettermineshafts:mineshaft_spruce, HEADING, header:ignore, 0, 0, 0
686, bettermineshafts:mineshaft_spruce, AMBIENT, alexsmobs:underminer, 50, 1, 1
687, bettermineshafts:mineshaft_spruce_snowy, HEADING, header:ignore, 0, 0, 0
688, bettermineshafts:mineshaft_spruce_snowy, AMBIENT, alexsmobs:underminer, 50, 1, 1
689, repurposed_structures:mineshaft_stone, HEADING, header:ignore, 0, 0, 0
690, repurposed_structures:mineshaft_stone, AMBIENT, alexsmobs:underminer, 50, 1, 1
691, repurposed_structures:mineshaft_swamp, HEADING, header:ignore, 0, 0, 0
692, repurposed_structures:mineshaft_swamp, AMBIENT, alexsmobs:underminer, 50, 1, 1
693, repurposed_structures:mineshaft_taiga, HEADING, header:ignore, 0, 0, 0
694, repurposed_structures:mineshaft_taiga, AMBIENT, alexsmobs:underminer, 50, 1, 1
695, repurposed_structures:mineshaft_warped, HEADING, header:ignore, 0, 0, 0
696, repurposed_structures:mineshaft_warped, AMBIENT, alexsmobs:underminer, 50, 1, 1
697, dungeons_arise:mining_system, HEADING, header:ignore, 0, 0, 0
698, dungeons_arise:monastery, HEADING, header:ignore, 0, 0, 0
699, ati_structures:monastery_tower, HEADING, header:ignore, 0, 0, 0
700, mes:monolith, HEADING, header:ignore, 0, 0, 0
701, minecraft:monument, HEADING, header:ignore, 0, 0, 0
702, minecraft:monument, MONSTER, minecraft:guardian, 10, 2, 4
703, repurposed_structures:monument_desert, HEADING, header:ignore, 0, 0, 0
704, repurposed_structures:monument_desert, MONSTER, minecraft:husk, 20, 1, 4
705, repurposed_structures:monument_desert, MONSTER, minecraft:creeper, 15, 1, 2
706, repurposed_structures:monument_desert, MONSTER, minecraft:skeleton, 10, 1, 3
707, repurposed_structures:monument_icy, HEADING, header:ignore, 0, 0, 0
708, repurposed_structures:monument_icy, MONSTER, minecraft:stray, 40, 1, 3
709, repurposed_structures:monument_icy, MONSTER, minecraft:vex, 10, 1, 2
710, repurposed_structures:monument_jungle, HEADING, header:ignore, 0, 0, 0
711, repurposed_structures:monument_jungle, MONSTER, minecraft:husk, 20, 1, 4
712, repurposed_structures:monument_jungle, MONSTER, minecraft:creeper, 15, 1, 2
713, repurposed_structures:monument_jungle, MONSTER, minecraft:skeleton, 10, 1, 3
714, repurposed_structures:monument_nether, HEADING, header:ignore, 0, 0, 0
715, repurposed_structures:monument_nether, MONSTER, minecraft:magma_cube, 20, 1, 3
716, repurposed_structures:monument_nether, MONSTER, minecraft:wither_skeleton, 10, 1, 3
717, repurposed_structures:monument_nether, MONSTER, minecraft:ghast, 10, 1, 1
718, totw_modded:moon, HEADING, header:ignore, 0, 0, 0
719, ati_structures:mosque, HEADING, header:ignore, 0, 0, 0
720, born_in_chaos_v1:mound_of_hounds, HEADING, header:ignore, 0, 0, 0
721, betterend:mountain, HEADING, header:ignore, 0, 0, 0
722, imst:mountain_camp, HEADING, header:ignore, 0, 0, 0
723, irons_spellbooks:mountain_tower, HEADING, header:ignore, 0, 0, 0
724, hopo:mud_mineshaft, HEADING, header:ignore, 0, 0, 0
725, terramity:mudhut, HEADING, header:ignore, 0, 0, 0
726, mss:mushroom, HEADING, header:ignore, 0, 0, 0
727, graveyard:mushroom_grave, HEADING, header:ignore, 0, 0, 0
728, dungeons_arise:mushroom_house, HEADING, header:ignore, 0, 0, 0
729, dungeons_arise:mushroom_mines, HEADING, header:ignore, 0, 0, 0
730, twilightforest:mushroom_tower, HEADING, header:ignore, 0, 0, 0
731, dungeons_arise:mushroom_village, HEADING, header:ignore, 0, 0, 0
732, mes:mythic_garden, HEADING, header:ignore, 0, 0, 0
733, twilightforest:naga_courtyard, HEADING, header:ignore, 0, 0, 0
734, mvs:nature/acacia_tree, HEADING, header:ignore, 0, 0, 0
735, mvs:nature/big_oak_tree, HEADING, header:ignore, 0, 0, 0
736, mvs:nature/birch_tree, HEADING, header:ignore, 0, 0, 0
737, mvs:nature/boulder, HEADING, header:ignore, 0, 0, 0
738, mvs:nature/cherry_tree, HEADING, header:ignore, 0, 0, 0
739, mvs:nature/dark_oak_tree, HEADING, header:ignore, 0, 0, 0
740, mvs:nature/floating_islands, HEADING, header:ignore, 0, 0, 0
741, mvs:nature/jungle_palm_tree, HEADING, header:ignore, 0, 0, 0
742, mvs:nature/jungle_tree, HEADING, header:ignore, 0, 0, 0
743, mvs:nature/large_mushroom, HEADING, header:ignore, 0, 0, 0
744, mvs:nature/mushroom_pond, HEADING, header:ignore, 0, 0, 0
745, mvs:nature/oak_tree, HEADING, header:ignore, 0, 0, 0
746, mvs:nature/paths, HEADING, header:ignore, 0, 0, 0
747, mvs:nature/small_oak_pond, HEADING, header:ignore, 0, 0, 0
748, mvs:nature/spruce_tree, HEADING, header:ignore, 0, 0, 0
749, mvs:nature/stone_rock, HEADING, header:ignore, 0, 0, 0
750, idas:necromancers_spire, HEADING, header:ignore, 0, 0, 0
751, idas:necromancers_spire, MONSTER, quark:wraith, 10, 1, 1
752, totw_modded:nether, HEADING, header:ignore, 0, 0, 0
753, betternether:nether_city, HEADING, header:ignore, 0, 0, 0
754, minecraft:nether_fossil, HEADING, header:ignore, 0, 0, 0
755, minecraft:nether_fossil, MONSTER, alexsmobs:soul_vulture, 30, 1, 1
756, paraglider:nether_horned_statue, HEADING, header:ignore, 0, 0, 0
757, nova_structures:nether_keep, HEADING, header:ignore, 0, 0, 0
758, nova_structures:nether_keep, MONSTER, minecraft:blaze, 10, 2, 3
759, nova_structures:nether_keep, MONSTER, minecraft:zombified_piglin, 10, 4, 4
760, nova_structures:nether_keep, MONSTER, minecraft:wither_skeleton, 10, 5, 5
761, nova_structures:nether_keep, MONSTER, minecraft:skeleton, 10, 5, 5
762, nova_structures:nether_keep, MONSTER, minecraft:magma_cube, 10, 4, 4
763, philipsruins:nether_lava_ruins, HEADING, header:ignore, 0, 0, 0
764, nova_structures:nether_port, HEADING, header:ignore, 0, 0, 0
765, nova_structures:nether_port, MONSTER, minecraft:blaze, 10, 1, 2
766, nova_structures:nether_port, MONSTER, minecraft:zombified_piglin, 10, 1, 2
767, nova_structures:nether_port, MONSTER, minecraft:wither_skeleton, 10, 1, 3
768, nova_structures:nether_port, MONSTER, minecraft:skeleton, 10, 1, 5
769, nova_structures:nether_port, MONSTER, minecraft:magma_cube, 10, 1, 2
770, mss:nether_portal, HEADING, header:ignore, 0, 0, 0
771, nova_structures:nether_skeleton_tower_basalt, HEADING, header:ignore, 0, 0, 0
772, nova_structures:nether_skeleton_tower_crimson, HEADING, header:ignore, 0, 0, 0
773, nova_structures:nether_skeleton_tower_soul, HEADING, header:ignore, 0, 0, 0
774, nova_structures:nether_skeleton_tower_warped, HEADING, header:ignore, 0, 0, 0
775, idas:nexus, HEADING, header:ignore, 0, 0, 0
776, idas:nexus, MONSTER, minecraft:silverfish, 10, 1, 4
777, idas:nexus, MONSTER, quark:wraith, 10, 1, 4
778, ati_structures:nomadic_camp, HEADING, header:ignore, 0, 0, 0
779, ati_structures:nomadic_camp, MONSTER, minecraft:pillager, 10, 1, 1
780, hopo:oak_mineshaft, HEADING, header:ignore, 0, 0, 0
781, born_in_chaos_v1:observation_tower_forest, HEADING, header:ignore, 0, 0, 0
782, born_in_chaos_v1:observation_tower_plains, HEADING, header:ignore, 0, 0, 0
783, imst:observatory, HEADING, header:ignore, 0, 0, 0
784, bosses_of_mass_destruction:obsidilith_arena, HEADING, header:ignore, 0, 0, 0
785, totw_modded:ocean, HEADING, header:ignore, 0, 0, 0
786, philipsruins:ocean_fortress, HEADING, header:ignore, 0, 0, 0
787, philipsruins:ocean_fortress, MONSTER, minecraft:guardian, 10, 2, 3
788, philipsruins:ocean_fortress, MONSTER, minecraft:drowned, 10, 5, 9
789, betteroceanmonuments:ocean_monument, HEADING, header:ignore, 0, 0, 0
790, betteroceanmonuments:ocean_monument, MONSTER, minecraft:guardian, 10, 2, 4
791, minecraft:ocean_ruin_cold, HEADING, header:ignore, 0, 0, 0
792, minecraft:ocean_ruin_warm, HEADING, header:ignore, 0, 0, 0
793, philipsruins:ocean_ruins, HEADING, header:ignore, 0, 0, 0
794, alexscaves:ocean_trench, HEADING, header:ignore, 0, 0, 0
795, totw_modded:ocean_warm, HEADING, header:ignore, 0, 0, 0
796, ati_structures:old_fort, HEADING, header:ignore, 0, 0, 0
797, ati_structures:old_home, HEADING, header:ignore, 0, 0, 0
798, aether_villages:olympic_citadel, HEADING, header:ignore, 0, 0, 0
799, scguns:osgood_lab, HEADING, header:ignore, 0, 0, 0
800, scguns:osgood_lab_outpost, HEADING, header:ignore, 0, 0, 0
801, mvs:other_decoration/bee_dome, HEADING, header:ignore, 0, 0, 0
802, mvs:other_decoration/bench, HEADING, header:ignore, 0, 0, 0
803, mvs:other_decoration/campsite, HEADING, header:ignore, 0, 0, 0
804, mvs:other_decoration/crimson_enchanting_table, HEADING, header:ignore, 0, 0, 0
805, mvs:other_decoration/desert_pump, HEADING, header:ignore, 0, 0, 0
806, mvs:other_decoration/duck, HEADING, header:ignore, 0, 0, 0
807, mvs:other_decoration/end_scraps/end_scraps_1, HEADING, header:ignore, 0, 0, 0
808, mvs:other_decoration/end_scraps/end_scraps_2, HEADING, header:ignore, 0, 0, 0
809, mvs:other_decoration/end_scraps/end_scraps_3, HEADING, header:ignore, 0, 0, 0
810, mvs:other_decoration/end_scraps/end_scraps_4, HEADING, header:ignore, 0, 0, 0
811, mvs:other_decoration/fire_camp, HEADING, header:ignore, 0, 0, 0
812, mvs:other_decoration/fox_hut, HEADING, header:ignore, 0, 0, 0
813, mvs:other_decoration/haystack, HEADING, header:ignore, 0, 0, 0
814, mvs:other_decoration/horse_campsite, HEADING, header:ignore, 0, 0, 0
815, mvs:other_decoration/lamp_chest, HEADING, header:ignore, 0, 0, 0
816, mvs:other_decoration/lecturn_garden, HEADING, header:ignore, 0, 0, 0
817, mvs:other_decoration/mine_with_campsite, HEADING, header:ignore, 0, 0, 0
818, mvs:other_decoration/mushroom_statue, HEADING, header:ignore, 0, 0, 0
819, mvs:other_decoration/nether_devil, HEADING, header:ignore, 0, 0, 0
820, mvs:other_decoration/pile, HEADING, header:ignore, 0, 0, 0
821, mvs:other_decoration/snowy_dog_hut, HEADING, header:ignore, 0, 0, 0
822, mvs:other_decoration/snowy_fossil, HEADING, header:ignore, 0, 0, 0
823, mvs:other_decoration/stone_bee, HEADING, header:ignore, 0, 0, 0
824, mvs:other_decoration/villager_statue, HEADING, header:ignore, 0, 0, 0
825, mvs:other_decoration/wheat_grain_bin, HEADING, header:ignore, 0, 0, 0
826, mvs:other_decoration/windmill, HEADING, header:ignore, 0, 0, 0
827, mvs:other_decoration/wooden_wheat_farm, HEADING, header:ignore, 0, 0, 0
828, mvs:out_house, HEADING, header:ignore, 0, 0, 0
829, aquamirae:outpost, HEADING, header:ignore, 0, 0, 0
830, aquamirae:outpost, MONSTER, minecraft:pillager, 10, 1, 2
831, aquamirae:outpost, MONSTER, minecraft:vindicator, 10, 1, 1
832, repurposed_structures:outpost_badlands, HEADING, header:ignore, 0, 0, 0
833, repurposed_structures:outpost_badlands, MONSTER, minecraft:pillager, 10, 1, 1
834, repurposed_structures:outpost_birch, HEADING, header:ignore, 0, 0, 0
835, repurposed_structures:outpost_birch, MONSTER, minecraft:pillager, 10, 1, 1
836, repurposed_structures:outpost_crimson, HEADING, header:ignore, 0, 0, 0
837, repurposed_structures:outpost_crimson, MONSTER, minecraft:piglin, 10, 1, 1
838, repurposed_structures:outpost_desert, HEADING, header:ignore, 0, 0, 0
839, repurposed_structures:outpost_desert, MONSTER, minecraft:pillager, 10, 1, 1
840, repurposed_structures:outpost_end, HEADING, header:ignore, 0, 0, 0
841, repurposed_structures:outpost_end, MONSTER, minecraft:phantom, 10, 1, 1
842, repurposed_structures:outpost_giant_tree_taiga, HEADING, header:ignore, 0, 0, 0
843, repurposed_structures:outpost_giant_tree_taiga, MONSTER, minecraft:pillager, 10, 1, 1
844, repurposed_structures:outpost_icy, HEADING, header:ignore, 0, 0, 0
845, repurposed_structures:outpost_icy, MONSTER, minecraft:pillager, 10, 1, 1
846, repurposed_structures:outpost_jungle, HEADING, header:ignore, 0, 0, 0
847, repurposed_structures:outpost_jungle, MONSTER, minecraft:pillager, 10, 1, 1
848, repurposed_structures:outpost_mangrove, HEADING, header:ignore, 0, 0, 0
849, repurposed_structures:outpost_mangrove, MONSTER, minecraft:pillager, 10, 1, 1
850, repurposed_structures:outpost_nether_brick, HEADING, header:ignore, 0, 0, 0
851, repurposed_structures:outpost_nether_brick, MONSTER, minecraft:piglin, 10, 1, 1
852, repurposed_structures:outpost_oak, HEADING, header:ignore, 0, 0, 0
853, repurposed_structures:outpost_oak, MONSTER, minecraft:pillager, 10, 1, 1
854, repurposed_structures:outpost_snowy, HEADING, header:ignore, 0, 0, 0
855, repurposed_structures:outpost_snowy, MONSTER, minecraft:pillager, 10, 1, 1
856, repurposed_structures:outpost_taiga, HEADING, header:ignore, 0, 0, 0
857, repurposed_structures:outpost_taiga, MONSTER, minecraft:pillager, 10, 1, 1
858, repurposed_structures:outpost_warped, HEADING, header:ignore, 0, 0, 0
859, repurposed_structures:outpost_warped, MONSTER, minecraft:piglin, 10, 1, 1
860, terramity:overgrown_facility, HEADING, header:ignore, 0, 0, 0
861, minecells:overworld_portal, HEADING, header:ignore, 0, 0, 0
862, keebsz:packed_ice_battletower, HEADING, header:ignore, 0, 0, 0
863, betterend:painted_mountain, HEADING, header:ignore, 0, 0, 0
864, mss:palm_island, HEADING, header:ignore, 0, 0, 0
865, mes:phantom_citadel, HEADING, header:ignore, 0, 0, 0
866, nova_structures:piglin_camp, HEADING, header:ignore, 0, 0, 0
867, bygonenether:piglin_manor, HEADING, header:ignore, 0, 0, 0
868, bygonenether:piglin_manor, MONSTER, minecraft:piglin, 10, 1, 1
869, bygonenether:piglin_manor, MONSTER, bygonenether:piglin_hunter, 10, 1, 1
870, nova_structures:piglin_outstation, HEADING, header:ignore, 0, 0, 0
871, nova_structures:piglin_outstation, MONSTER, minecraft:piglin, 10, 1, 1
872, hopo:piglin_ruin, HEADING, header:ignore, 0, 0, 0
873, idas:pillager_camp, HEADING, header:ignore, 0, 0, 0
874, takesapillage:pillager_camp, HEADING, header:ignore, 0, 0, 0
875, idas:pillager_fortress, HEADING, header:ignore, 0, 0, 0
876, minecraft:pillager_outpost, HEADING, header:ignore, 0, 0, 0
877, minecraft:pillager_outpost, MONSTER, minecraft:pillager, 10, 1, 1
878, towns_and_towers:pillager_outpost_badlands, HEADING, header:ignore, 0, 0, 0
879, towns_and_towers:pillager_outpost_badlands, MONSTER, minecraft:pillager, 10, 1, 2
880, towns_and_towers:pillager_outpost_beach, HEADING, header:ignore, 0, 0, 0
881, towns_and_towers:pillager_outpost_beach, MONSTER, minecraft:pillager, 10, 1, 2
882, towns_and_towers:pillager_outpost_birch_forest, HEADING, header:ignore, 0, 0, 0
883, towns_and_towers:pillager_outpost_birch_forest, MONSTER, minecraft:pillager, 10, 1, 2
884, towns_and_towers:pillager_outpost_desert, HEADING, header:ignore, 0, 0, 0
885, towns_and_towers:pillager_outpost_desert, MONSTER, minecraft:pillager, 10, 1, 2
886, towns_and_towers:pillager_outpost_flower_forest, HEADING, header:ignore, 0, 0, 0
887, towns_and_towers:pillager_outpost_flower_forest, MONSTER, minecraft:pillager, 10, 1, 2
888, towns_and_towers:pillager_outpost_forest, HEADING, header:ignore, 0, 0, 0
889, towns_and_towers:pillager_outpost_forest, MONSTER, minecraft:pillager, 10, 1, 2
890, towns_and_towers:pillager_outpost_grove, HEADING, header:ignore, 0, 0, 0
891, towns_and_towers:pillager_outpost_grove, MONSTER, minecraft:pillager, 10, 1, 2
892, towns_and_towers:pillager_outpost_jungle, HEADING, header:ignore, 0, 0, 0
893, towns_and_towers:pillager_outpost_jungle, MONSTER, minecraft:pillager, 10, 1, 2
894, towns_and_towers:pillager_outpost_meadow, HEADING, header:ignore, 0, 0, 0
895, towns_and_towers:pillager_outpost_meadow, MONSTER, minecraft:pillager, 10, 1, 2
896, towns_and_towers:pillager_outpost_mushroom_fields, HEADING, header:ignore, 0, 0, 0
897, towns_and_towers:pillager_outpost_ocean, HEADING, header:ignore, 0, 0, 0
898, towns_and_towers:pillager_outpost_ocean, MONSTER, minecraft:pillager, 10, 1, 2
899, towns_and_towers:pillager_outpost_old_growth_taiga, HEADING, header:ignore, 0, 0, 0
900, towns_and_towers:pillager_outpost_old_growth_taiga, MONSTER, minecraft:pillager, 10, 1, 2
901, towns_and_towers:pillager_outpost_savanna, HEADING, header:ignore, 0, 0, 0
902, towns_and_towers:pillager_outpost_savanna, MONSTER, minecraft:pillager, 10, 1, 2
903, towns_and_towers:pillager_outpost_savanna_plateau, HEADING, header:ignore, 0, 0, 0
904, towns_and_towers:pillager_outpost_savanna_plateau, MONSTER, minecraft:pillager, 10, 1, 2
905, towns_and_towers:pillager_outpost_snowy_beach, HEADING, header:ignore, 0, 0, 0
906, towns_and_towers:pillager_outpost_snowy_beach, MONSTER, minecraft:pillager, 10, 1, 2
907, towns_and_towers:pillager_outpost_snowy_plains, HEADING, header:ignore, 0, 0, 0
908, towns_and_towers:pillager_outpost_snowy_plains, MONSTER, minecraft:pillager, 10, 1, 2
909, towns_and_towers:pillager_outpost_snowy_slopes, HEADING, header:ignore, 0, 0, 0
910, towns_and_towers:pillager_outpost_snowy_slopes, MONSTER, minecraft:pillager, 10, 1, 2
911, towns_and_towers:pillager_outpost_snowy_taiga, HEADING, header:ignore, 0, 0, 0
912, towns_and_towers:pillager_outpost_snowy_taiga, MONSTER, minecraft:pillager, 10, 1, 2
913, towns_and_towers:pillager_outpost_sparse_jungle, HEADING, header:ignore, 0, 0, 0
914, towns_and_towers:pillager_outpost_sparse_jungle, MONSTER, minecraft:pillager, 10, 1, 2
915, towns_and_towers:pillager_outpost_sunflower_plains, HEADING, header:ignore, 0, 0, 0
916, towns_and_towers:pillager_outpost_sunflower_plains, MONSTER, minecraft:pillager, 10, 1, 2
917, towns_and_towers:pillager_outpost_swamp, HEADING, header:ignore, 0, 0, 0
918, towns_and_towers:pillager_outpost_swamp, MONSTER, minecraft:pillager, 10, 1, 2
919, towns_and_towers:pillager_outpost_taiga, HEADING, header:ignore, 0, 0, 0
920, towns_and_towers:pillager_outpost_taiga, MONSTER, minecraft:pillager, 10, 1, 2
921, towns_and_towers:pillager_outpost_wooded_badlands, HEADING, header:ignore, 0, 0, 0
922, towns_and_towers:pillager_outpost_wooded_badlands, MONSTER, minecraft:pillager, 10, 1, 2
923, betternether:pillars, HEADING, header:ignore, 0, 0, 0
924, galosphere:pink_salt_shrine, HEADING, header:ignore, 0, 0, 0
925, dungeons_arise_seven_seas:pirate_junk, HEADING, header:ignore, 0, 0, 0
926, mes:placid_prairie, HEADING, header:ignore, 0, 0, 0
927, dungeons_arise:plague_asylum, HEADING, header:ignore, 0, 0, 0
928, lost_aether_content:platinum_dungeon, HEADING, header:ignore, 0, 0, 0
929, hopo:portal, HEADING, header:ignore, 0, 0, 0
930, hopo:portal_deepslate, HEADING, header:ignore, 0, 0, 0
931, hopo:portal_dripstone, HEADING, header:ignore, 0, 0, 0
932, hopo:portal_lush, HEADING, header:ignore, 0, 0, 0
933, betternether:portals, HEADING, header:ignore, 0, 0, 0
934, biomeswevegone:prairie_house, HEADING, header:ignore, 0, 0, 0
935, sonicraft:press_garden_factory, HEADING, header:ignore, 0, 0, 0
936, minecells:prison, HEADING, header:ignore, 0, 0, 0
937, minecells:promenade, HEADING, header:ignore, 0, 0, 0
938, minecells:promenade_wall_x, HEADING, header:ignore, 0, 0, 0
939, minecells:promenade_wall_z, HEADING, header:ignore, 0, 0, 0
940, philipsruins:pumpkin_ruins, HEADING, header:ignore, 0, 0, 0
941, philipsruins:pumpkin_ruins, MONSTER, minecraft:skeleton, 10, 2, 10
942, philipsruins:pumpkin_ruins, MONSTER, minecraft:zombie, 12, 5, 12
943, betternether:pyramid, HEADING, header:ignore, 0, 0, 0
944, imst:pyramid, HEADING, header:ignore, 0, 0, 0
945, repurposed_structures:pyramid_badlands, HEADING, header:ignore, 0, 0, 0
946, repurposed_structures:pyramid_dark_forest, HEADING, header:ignore, 0, 0, 0
947, repurposed_structures:pyramid_end, HEADING, header:ignore, 0, 0, 0
948, repurposed_structures:pyramid_flower_forest, HEADING, header:ignore, 0, 0, 0
949, repurposed_structures:pyramid_giant_tree_taiga, HEADING, header:ignore, 0, 0, 0
950, repurposed_structures:pyramid_icy, HEADING, header:ignore, 0, 0, 0
951, repurposed_structures:pyramid_jungle, HEADING, header:ignore, 0, 0, 0
952, repurposed_structures:pyramid_mushroom, HEADING, header:ignore, 0, 0, 0
953, repurposed_structures:pyramid_nether, HEADING, header:ignore, 0, 0, 0
954, repurposed_structures:pyramid_ocean, HEADING, header:ignore, 0, 0, 0
955, repurposed_structures:pyramid_snowy, HEADING, header:ignore, 0, 0, 0
956, irons_spellbooks:pyromancer_tower, HEADING, header:ignore, 0, 0, 0
957, ati_structures:quarry, HEADING, header:ignore, 0, 0, 0
958, imst:quarry, HEADING, header:ignore, 0, 0, 0
959, twilightforest:quest_grove, HEADING, header:ignore, 0, 0, 0
960, mvs:railway, HEADING, header:ignore, 0, 0, 0
961, minecells:ramparts, HEADING, header:ignore, 0, 0, 0
962, philipsruins:rare_ruin, HEADING, header:ignore, 0, 0, 0
963, totw_modded:ratlantis, HEADING, header:ignore, 0, 0, 0
964, biomeswevegone:red_rock_arch, HEADING, header:ignore, 0, 0, 0
965, keebsz:red_sandstone_battletower, HEADING, header:ignore, 0, 0, 0
966, idas:redhorn_guild, HEADING, header:ignore, 0, 0, 0
967, totw_modded:regular, HEADING, header:ignore, 0, 0, 0
968, tetra:regular_ruin, HEADING, header:ignore, 0, 0, 0
969, tetra:regular_ruin, MONSTER, minecraft:stray, 10, 4, 16
970, betternether:respawn_points, HEADING, header:ignore, 0, 0, 0
971, feur_extension_fossil:rex_camp, HEADING, header:ignore, 0, 0, 0
972, ribbits:ribbit_village, HEADING, header:ignore, 0, 0, 0
973, ati_structures:rotten_log, HEADING, header:ignore, 0, 0, 0
974, ati_structures:rotting_temple, HEADING, header:ignore, 0, 0, 0
975, ati_structures:rotting_temple, MONSTER, minecraft:zombie, 10, 1, 3
976, ati_structures:rotting_temple_underground, HEADING, header:ignore, 0, 0, 0
977, ati_structures:rotting_temple_underground, MONSTER, minecraft:zombie, 10, 1, 3
978, biomeswevegone:rugged_fossil, HEADING, header:ignore, 0, 0, 0
979, nova_structures:ruin_town, HEADING, header:ignore, 0, 0, 0
980, ati_structures:ruined_castle, HEADING, header:ignore, 0, 0, 0
981, cataclysm:ruined_citadel, HEADING, header:ignore, 0, 0, 0
982, cataclysm:ruined_citadel, MONSTER, cataclysm:endermaptera, 10, 1, 1
983, mes:ruined_pillar, HEADING, header:ignore, 0, 0, 0
984, minecraft:ruined_portal, HEADING, header:ignore, 0, 0, 0
985, minecraft:ruined_portal_desert, HEADING, header:ignore, 0, 0, 0
986, repurposed_structures:ruined_portal_end, HEADING, header:ignore, 0, 0, 0
987, minecraft:ruined_portal_jungle, HEADING, header:ignore, 0, 0, 0
988, minecraft:ruined_portal_mountain, HEADING, header:ignore, 0, 0, 0
989, minecraft:ruined_portal_nether, HEADING, header:ignore, 0, 0, 0
990, minecraft:ruined_portal_ocean, HEADING, header:ignore, 0, 0, 0
991, minecraft:ruined_portal_swamp, HEADING, header:ignore, 0, 0, 0
992, explorify:ruins, HEADING, header:ignore, 0, 0, 0
993, graveyard:ruins, HEADING, header:ignore, 0, 0, 0
994, graveyard:ruins, MONSTER, graveyard:skeleton_creeper, 35, 1, 1
995, graveyard:ruins, MONSTER, graveyard:revenant, 45, 1, 3
996, graveyard:ruins, MONSTER, graveyard:ghoul, 50, 1, 2
997, mvs:ruins/castle_ruins, HEADING, header:ignore, 0, 0, 0
998, mvs:ruins/log_ruin, HEADING, header:ignore, 0, 0, 0
999, mvs:ruins/ruined_beacon, HEADING, header:ignore, 0, 0, 0
1000, mvs:ruins/small_ruin, HEADING, header:ignore, 0, 0, 0
1001, mvs:ruins/statue_ruins, HEADING, header:ignore, 0, 0, 0
1002, mvs:ruins/stone_pillars, HEADING, header:ignore, 0, 0, 0
1003, mvs:ruins/tree_monument, HEADING, header:ignore, 0, 0, 0
1004, repurposed_structures:ruins_land_cold, HEADING, header:ignore, 0, 0, 0
1005, repurposed_structures:ruins_land_hot, HEADING, header:ignore, 0, 0, 0
1006, repurposed_structures:ruins_land_icy, HEADING, header:ignore, 0, 0, 0
1007, repurposed_structures:ruins_land_warm, HEADING, header:ignore, 0, 0, 0
1008, repurposed_structures:ruins_nether, HEADING, header:ignore, 0, 0, 0
1009, idas:ruins_of_the_deep, HEADING, header:ignore, 0, 0, 0
1010, netherexp:sanctum, HEADING, header:ignore, 0, 0, 0
1011, netherexp:sanctum, MONSTER, minecraft:skeleton, 10, 1, 3
1012, netherexp:sanctum, MONSTER, netherexp:vessel, 10, 1, 2
1013, netherexp:sanctum, MONSTER, netherexp:banshee, 10, 1, 1
1014, netherexp:sanctum, MONSTER, netherexp:apparition, 10, 1, 1
1015, keebsz:sandstone_battletower, HEADING, header:ignore, 0, 0, 0
1016, keebsz:sandstone_battletower_underground, HEADING, header:ignore, 0, 0, 0
1017, dungeons_arise:scorched_mines, HEADING, header:ignore, 0, 0, 0
1018, ati_structures:sculk_deposit, HEADING, header:ignore, 0, 0, 0
1019, philipsruins:sculk_dungeon, HEADING, header:ignore, 0, 0, 0
1020, philipsruins:sealedruinedghaststatue1, HEADING, header:ignore, 0, 0, 0
1021, biomeswevegone:sharpened_rock, HEADING, header:ignore, 0, 0, 0
1022, mvs:shed, HEADING, header:ignore, 0, 0, 0
1023, aquamirae:shelter, HEADING, header:ignore, 0, 0, 0
1024, aquamirae:ship, HEADING, header:ignore, 0, 0, 0
1025, aquamirae:ship, MONSTER, minecraft:pillager, 10, 1, 2
1026, aquamirae:ship, MONSTER, minecraft:vindicator, 10, 1, 1
1027, minecraft:shipwreck, HEADING, header:ignore, 0, 0, 0
1028, minecraft:shipwreck, MONSTER, alexsmobs:skelewag, 15, 1, 2
1029, minecraft:shipwreck_beached, HEADING, header:ignore, 0, 0, 0
1030, repurposed_structures:shipwreck_crimson, HEADING, header:ignore, 0, 0, 0
1031, repurposed_structures:shipwreck_crimson, MONSTER, minecraft:wither_skeleton, 10, 1, 1
1032, repurposed_structures:shipwreck_end, HEADING, header:ignore, 0, 0, 0
1033, repurposed_structures:shipwreck_nether_bricks, HEADING, header:ignore, 0, 0, 0
1034, repurposed_structures:shipwreck_nether_bricks, MONSTER, minecraft:wither_skeleton, 10, 1, 1
1035, repurposed_structures:shipwreck_warped, HEADING, header:ignore, 0, 0, 0
1036, repurposed_structures:shipwreck_warped, MONSTER, minecraft:wither_skeleton, 10, 1, 1
1037, dungeons_arise:shiraz_palace, HEADING, header:ignore, 0, 0, 0
1038, minecolonies:shire_colony, HEADING, header:ignore, 0, 0, 0
1039, minecolonies:shire_colony, CREATURE, minecraft:cat, 80, 1, 2
1040, samurai_dynasty:shrine, HEADING, header:ignore, 0, 0, 0
1041, samurai_dynasty:shrine, CREATURE, samurai_dynasty:komainu, 10, 1, 4
1042, samurai_dynasty:shrine, CREATURE, samurai_dynasty:kitsune, 10, 1, 1
1043, iter_rpg:shrine_air, HEADING, header:ignore, 0, 0, 0
1044, iter_rpg:shrine_earth, HEADING, header:ignore, 0, 0, 0
1045, iter_rpg:shrine_fire, HEADING, header:ignore, 0, 0, 0
1046, iter_rpg:shrine_void, HEADING, header:ignore, 0, 0, 0
1047, iter_rpg:shrine_water, HEADING, header:ignore, 0, 0, 0
1048, aether:silver_dungeon, HEADING, header:ignore, 0, 0, 0
1049, ati_structures:silverfish_nest, HEADING, header:ignore, 0, 0, 0
1050, ati_structures:sinking_temple, HEADING, header:ignore, 0, 0, 0
1051, ati_structures:sinking_temple, MONSTER, minecraft:drowned, 10, 1, 2
1052, nova_structures:skeleton_camp_crimson, HEADING, header:ignore, 0, 0, 0
1053, nova_structures:skeleton_camp_soul, HEADING, header:ignore, 0, 0, 0
1054, nova_structures:skeleton_camp_warped, HEADING, header:ignore, 0, 0, 0
1055, nova_structures:skeleton_camp_waste, HEADING, header:ignore, 0, 0, 0
1056, betterdungeons:skeleton_dungeon, HEADING, header:ignore, 0, 0, 0
1057, betterdungeons:skeleton_dungeon, MONSTER, minecraft:skeleton, 80, 4, 15
1058, feur_extension_fossil:skull_camp, HEADING, header:ignore, 0, 0, 0
1059, skyvillages:skyvillage, HEADING, header:ignore, 0, 0, 0
1060, dungeons_arise:small_blimp, HEADING, header:ignore, 0, 0, 0
1061, mss:small_deepslate_house, HEADING, header:ignore, 0, 0, 0
1062, graveyard:small_desert_grave, HEADING, header:ignore, 0, 0, 0
1063, graveyard:small_desert_graveyard, HEADING, header:ignore, 0, 0, 0
1064, graveyard:small_desert_graveyard, MONSTER, minecraft:vindicator, 10, 1, 1
1065, graveyard:small_desert_graveyard, MONSTER, minecraft:pillager, 10, 1, 1
1066, betterdungeons:small_dungeon, HEADING, header:ignore, 0, 0, 0
1067, graveyard:small_grave, HEADING, header:ignore, 0, 0, 0
1068, graveyard:small_graveyard, HEADING, header:ignore, 0, 0, 0
1069, graveyard:small_graveyard, MONSTER, graveyard:skeleton_creeper, 35, 1, 1
1070, graveyard:small_graveyard, MONSTER, graveyard:revenant, 45, 1, 3
1071, graveyard:small_graveyard, MONSTER, graveyard:ghoul, 50, 1, 2
1072, twilightforest:small_hollow_hill, HEADING, header:ignore, 0, 0, 0
1073, ati_structures:small_keep, HEADING, header:ignore, 0, 0, 0
1074, graveyard:small_mountain_grave, HEADING, header:ignore, 0, 0, 0
1075, mns:small_nether_brick, HEADING, header:ignore, 0, 0, 0
1076, betterdungeons:small_nether_dungeon, HEADING, header:ignore, 0, 0, 0
1077, mss:small_oak_house, HEADING, header:ignore, 0, 0, 0
1078, mvs:small_pillager_tower, HEADING, header:ignore, 0, 0, 0
1079, mss:small_pond, HEADING, header:ignore, 0, 0, 0
1080, dungeons_arise:small_prairie_house, HEADING, header:ignore, 0, 0, 0
1081, graveyard:small_savanna_grave, HEADING, header:ignore, 0, 0, 0
1082, mvs:small_ship, HEADING, header:ignore, 0, 0, 0
1083, mss:small_tower, HEADING, header:ignore, 0, 0, 0
1084, dungeons_arise_seven_seas:small_yacht, HEADING, header:ignore, 0, 0, 0
1085, mns:smoking_shrine, HEADING, header:ignore, 0, 0, 0
1086, idas:snifferhenge, HEADING, header:ignore, 0, 0, 0
1087, terramity:snow_fort, HEADING, header:ignore, 0, 0, 0
1088, alexscaves:soda_bottle, HEADING, header:ignore, 0, 0, 0
1089, illagerinvasion:sorcerer_hut, HEADING, header:ignore, 0, 0, 0
1090, iter_rpg:sorrow_spire, HEADING, header:ignore, 0, 0, 0
1091, cataclysm:soul_black_smith, HEADING, header:ignore, 0, 0, 0
1092, betternether:spawn_altar_ladder, HEADING, header:ignore, 0, 0, 0
1093, betterdungeons:spider_dungeon, HEADING, header:ignore, 0, 0, 0
1094, betterdungeons:spider_dungeon, MONSTER, minecraft:spider, 80, 4, 15
1095, betterdungeons:spider_dungeon, MONSTER, minecraft:cave_spider, 50, 4, 8
1096, ati_structures:spider_nest, HEADING, header:ignore, 0, 0, 0
1097, ati_structures:spider_nest, MONSTER, minecraft:spider, 10, 1, 3
1098, ati_structures:spider_nest, MONSTER, minecraft:cave_spider, 10, 1, 2
1099, mss:spruce_huts, HEADING, header:ignore, 0, 0, 0
1100, hopo:spruce_mineshaft, HEADING, header:ignore, 0, 0, 0
1101, ars_nouveau:stalker_wilden_den, HEADING, header:ignore, 0, 0, 0
1102, ars_nouveau:stalker_wilden_den, MONSTER, ars_nouveau:wilden_stalker, 10, 3, 3
1103, mvs:stall/blue_stall, HEADING, header:ignore, 0, 0, 0
1104, mvs:stall/orange_stall, HEADING, header:ignore, 0, 0, 0
1105, mvs:stall/pink_stall, HEADING, header:ignore, 0, 0, 0
1106, mvs:stall/red_stall, HEADING, header:ignore, 0, 0, 0
1107, ars_elemental:starbuncle_shrine, HEADING, header:ignore, 0, 0, 0
1108, mes:starlight_voyager, HEADING, header:ignore, 0, 0, 0
1109, philipsruins:start_nether_dungeon, HEADING, header:ignore, 0, 0, 0
1110, philipsruins:start_nether_ruin, HEADING, header:ignore, 0, 0, 0
1111, keebsz:stone_battletower, HEADING, header:ignore, 0, 0, 0
1112, keebsz:stone_battletower_underground, HEADING, header:ignore, 0, 0, 0
1113, mvs:stone_fountain, HEADING, header:ignore, 0, 0, 0
1114, hopo:stone_mineshaft, HEADING, header:ignore, 0, 0, 0
1115, keebsz:stonebrick_battletower, HEADING, header:ignore, 0, 0, 0
1116, keebsz:stonebrick_battletower_underground, HEADING, header:ignore, 0, 0, 0
1117, nova_structures:stray_fort, HEADING, header:ignore, 0, 0, 0
1118, nova_structures:stray_fort, MONSTER, minecraft:stray, 10, 1, 32
1119, ati_structures:stray_ruins, HEADING, header:ignore, 0, 0, 0
1120, integrated_stronghold:stronghold, HEADING, header:ignore, 0, 0, 0
1121, integrated_stronghold:stronghold, MONSTER, minecraft:silverfish, 10, 1, 2
1122, integrated_stronghold:stronghold, MONSTER, minecraft:enderman, 10, 1, 1
1123, minecraft:stronghold, HEADING, header:ignore, 0, 0, 0
1124, repurposed_structures:stronghold_end, HEADING, header:ignore, 0, 0, 0
1125, repurposed_structures:stronghold_end, MONSTER, minecraft:endermite, 80, 2, 4
1126, repurposed_structures:stronghold_nether, HEADING, header:ignore, 0, 0, 0
1127, repurposed_structures:stronghold_nether, MONSTER, minecraft:blaze, 10, 2, 3
1128, repurposed_structures:stronghold_nether, MONSTER, minecraft:zombified_piglin, 10, 4, 4
1129, repurposed_structures:stronghold_nether, MONSTER, minecraft:wither_skeleton, 10, 5, 5
1130, repurposed_structures:stronghold_nether, MONSTER, minecraft:skeleton, 10, 5, 5
1131, repurposed_structures:stronghold_nether, MONSTER, minecraft:magma_cube, 10, 4, 4
1132, terramity:subterranean_shrine, HEADING, header:ignore, 0, 0, 0
1133, imst:sunflower_farm, HEADING, header:ignore, 0, 0, 0
1134, cataclysm:sunken_city, HEADING, header:ignore, 0, 0, 0
1135, idas:sunken_ship/sunken_ship, HEADING, header:ignore, 0, 0, 0
1136, idas:sunken_ship/sunken_ship, MONSTER, quark:wraith, 10, 1, 2
1137, idas:sunken_ship/sunken_ship_coral, HEADING, header:ignore, 0, 0, 0
1138, idas:sunken_ship/sunken_ship_coral, MONSTER, quark:wraith, 10, 1, 2
1139, idas:sunken_ship/sunken_ship_ruins, HEADING, header:ignore, 0, 0, 0
1140, mvs:sunzi_gate, HEADING, header:ignore, 0, 0, 0
1141, explorify:supply_cache/birch, HEADING, header:ignore, 0, 0, 0
1142, explorify:supply_cache/dark, HEADING, header:ignore, 0, 0, 0
1143, explorify:supply_cache/desert, HEADING, header:ignore, 0, 0, 0
1144, explorify:supply_cache/forest, HEADING, header:ignore, 0, 0, 0
1145, explorify:supply_cache/jungle, HEADING, header:ignore, 0, 0, 0
1146, explorify:supply_cache/mangrove, HEADING, header:ignore, 0, 0, 0
1147, explorify:supply_cache/taiga, HEADING, header:ignore, 0, 0, 0
1148, terramity:suspicious_shrine, HEADING, header:ignore, 0, 0, 0
1149, minecraft:swamp_hut, HEADING, header:ignore, 0, 0, 0
1150, minecraft:swamp_hut, MONSTER, minecraft:witch, 10, 1, 1
1151, minecraft:swamp_hut, CREATURE, minecraft:cat, 10, 1, 1
1152, terramity:sword_shrine, HEADING, header:ignore, 0, 0, 0
1153, mss:taiga, HEADING, header:ignore, 0, 0, 0
1154, sonicraft:tails_lab, HEADING, header:ignore, 0, 0, 0
1155, paraglider:tarrey_town_goddess_statue, HEADING, header:ignore, 0, 0, 0
1156, ati_structures:tavern, HEADING, header:ignore, 0, 0, 0
1157, explorify:tavern, HEADING, header:ignore, 0, 0, 0
1158, nova_structures:tavern_acacia, HEADING, header:ignore, 0, 0, 0
1159, nova_structures:tavern_birch, HEADING, header:ignore, 0, 0, 0
1160, nova_structures:tavern_cherry, HEADING, header:ignore, 0, 0, 0
1161, nova_structures:tavern_dark_oak, HEADING, header:ignore, 0, 0, 0
1162, nova_structures:tavern_desert, HEADING, header:ignore, 0, 0, 0
1163, nova_structures:tavern_jungle, HEADING, header:ignore, 0, 0, 0
1164, nova_structures:tavern_mangrove, HEADING, header:ignore, 0, 0, 0
1165, nova_structures:tavern_oak, HEADING, header:ignore, 0, 0, 0
1166, nova_structures:tavern_snowy, HEADING, header:ignore, 0, 0, 0
1167, nova_structures:tavern_spruce, HEADING, header:ignore, 0, 0, 0
1168, nova_structures:tavern_swamp, HEADING, header:ignore, 0, 0, 0
1169, repurposed_structures:temple_nether_basalt, HEADING, header:ignore, 0, 0, 0
1170, repurposed_structures:temple_nether_crimson, HEADING, header:ignore, 0, 0, 0
1171, repurposed_structures:temple_nether_soul, HEADING, header:ignore, 0, 0, 0
1172, repurposed_structures:temple_nether_warped, HEADING, header:ignore, 0, 0, 0
1173, repurposed_structures:temple_nether_wasteland, HEADING, header:ignore, 0, 0, 0
1174, repurposed_structures:temple_ocean, HEADING, header:ignore, 0, 0, 0
1175, repurposed_structures:temple_taiga, HEADING, header:ignore, 0, 0, 0
1176, imst:terralith/yurt, HEADING, header:ignore, 0, 0, 0
1177, conjurer_illager:theatre, HEADING, header:ignore, 0, 0, 0
1178, dungeons_arise:thornborn_towers, HEADING, header:ignore, 0, 0, 0
1179, idas:tinkers_citadel, HEADING, header:ignore, 0, 0, 0
1180, idas:tinkers_workshop, HEADING, header:ignore, 0, 0, 0
1181, samurai_dynasty:torii, HEADING, header:ignore, 0, 0, 0
1182, samurai_dynasty:torii, CREATURE, samurai_dynasty:tanuki, 10, 1, 4
1183, samurai_dynasty:torii, CREATURE, samurai_dynasty:kawauso, 10, 1, 4
1184, apotheosis:tower_leaf, HEADING, header:ignore, 0, 0, 0
1185, apotheosis:tower_main, HEADING, header:ignore, 0, 0, 0
1186, apotheosis:tower_sand, HEADING, header:ignore, 0, 0, 0
1187, apotheosis:tower_spruce, HEADING, header:ignore, 0, 0, 0
1188, minecraft:trail_ruins, HEADING, header:ignore, 0, 0, 0
1189, idas:train_ruins, HEADING, header:ignore, 0, 0, 0
1190, imst:train_station, HEADING, header:ignore, 0, 0, 0
1191, imst:train_station, MONSTER, minecraft:pillager, 10, 1, 1
1192, mss:tree_1, HEADING, header:ignore, 0, 0, 0
1193, mss:tree_2, HEADING, header:ignore, 0, 0, 0
1194, mss:tree_3, HEADING, header:ignore, 0, 0, 0
1195, mss:tree_4, HEADING, header:ignore, 0, 0, 0
1196, mss:tree_5, HEADING, header:ignore, 0, 0, 0
1197, mss:tree_6, HEADING, header:ignore, 0, 0, 0
1198, mss:tree_7, HEADING, header:ignore, 0, 0, 0
1199, mss:tree_8, HEADING, header:ignore, 0, 0, 0
1200, idas:tree_of_wisdom, HEADING, header:ignore, 0, 0, 0
1201, idas:treetop_tavern, HEADING, header:ignore, 0, 0, 0
1202, scguns:trench, HEADING, header:ignore, 0, 0, 0
1203, terramity:trial_spire, HEADING, header:ignore, 0, 0, 0
1204, trials:trials_chambers, HEADING, header:ignore, 0, 0, 0
1205, twilightforest:troll_cave, HEADING, header:ignore, 0, 0, 0
1206, totw_modded:tw_canopy, HEADING, header:ignore, 0, 0, 0
1207, totw_modded:tw_mangrove, HEADING, header:ignore, 0, 0, 0
1208, dungeons_arise:typhon, HEADING, header:ignore, 0, 0, 0
1209, mowziesmobs:umvuthana_grove, HEADING, header:ignore, 0, 0, 0
1210, nova_structures:undead_crypt, HEADING, header:ignore, 0, 0, 0
1211, dungeons_arise:undead_pirate_ship, HEADING, header:ignore, 0, 0, 0
1212, alexscaves:underground_cabin, HEADING, header:ignore, 0, 0, 0
1213, idas:underground_camp/underground_camp, HEADING, header:ignore, 0, 0, 0
1214, idas:underground_camp/underground_camp_deep, HEADING, header:ignore, 0, 0, 0
1215, paraglider:underground_horned_statue, HEADING, header:ignore, 0, 0, 0
1216, nova_structures:underground_house, HEADING, header:ignore, 0, 0, 0
1217, ati_structures:underground_monument, HEADING, header:ignore, 0, 0, 0
1218, philipsruins:underground_structures, HEADING, header:ignore, 0, 0, 0
1219, philipsruins:underground_structures, MONSTER, minecraft:wither_skeleton, 10, 1, 5
1220, hopo:underwater_city, HEADING, header:ignore, 0, 0, 0
1221, ati_structures:underwater_dungeon, HEADING, header:ignore, 0, 0, 0
1222, ati_structures:underwater_dungeon, MONSTER, minecraft:drowned, 10, 1, 2
1223, ati_structures:underwater_dungeon, MONSTER, minecraft:guardian, 10, 1, 2
1224, hopo:underwater_fossils, HEADING, header:ignore, 0, 0, 0
1225, hopo:underwater_small_ruins, HEADING, header:ignore, 0, 0, 0
1226, hopo:underwater_warm_small_ruins, HEADING, header:ignore, 0, 0, 0
1227, dungeons_arise_seven_seas:unicorn_galleon, HEADING, header:ignore, 0, 0, 0
1228, totw_modded:venus, HEADING, header:ignore, 0, 0, 0
1229, mns:very_small_blackstone, HEADING, header:ignore, 0, 0, 0
1230, mns:very_small_blackstone_2, HEADING, header:ignore, 0, 0, 0
1231, mns:very_small_blackstone_3, HEADING, header:ignore, 0, 0, 0
1232, mns:very_small_blackstone_4, HEADING, header:ignore, 0, 0, 0
1233, mns:very_small_nether_brick, HEADING, header:ignore, 0, 0, 0
1234, mns:very_small_nether_brick_2, HEADING, header:ignore, 0, 0, 0
1235, mns:very_small_nether_brick_3, HEADING, header:ignore, 0, 0, 0
1236, dungeons_arise_seven_seas:victory_frigate, HEADING, header:ignore, 0, 0, 0
1237, imst:viking_house, HEADING, header:ignore, 0, 0, 0
1238, imst:viking_house, MONSTER, minecraft:pillager, 10, 1, 1
1239, biomeswevegone:village/forgotten, HEADING, header:ignore, 0, 0, 0
1240, biomeswevegone:village/pumpkin_patch, HEADING, header:ignore, 0, 0, 0
1241, biomeswevegone:village/red_rock, HEADING, header:ignore, 0, 0, 0
1242, biomeswevegone:village/salem, HEADING, header:ignore, 0, 0, 0
1243, biomeswevegone:village/skyris, HEADING, header:ignore, 0, 0, 0
1244, natures_spirit:village_adobe, HEADING, header:ignore, 0, 0, 0
1245, repurposed_structures:village_badlands, HEADING, header:ignore, 0, 0, 0
1246, towns_and_towers:village_badlands, HEADING, header:ignore, 0, 0, 0
1247, repurposed_structures:village_bamboo, HEADING, header:ignore, 0, 0, 0
1248, towns_and_towers:village_beach, HEADING, header:ignore, 0, 0, 0
1249, repurposed_structures:village_birch, HEADING, header:ignore, 0, 0, 0
1250, towns_and_towers:village_birch_forest, HEADING, header:ignore, 0, 0, 0
1251, repurposed_structures:village_cherry, HEADING, header:ignore, 0, 0, 0
1252, natures_spirit:village_coconut, HEADING, header:ignore, 0, 0, 0
1253, repurposed_structures:village_crimson, HEADING, header:ignore, 0, 0, 0
1254, natures_spirit:village_cypress, HEADING, header:ignore, 0, 0, 0
1255, repurposed_structures:village_dark_forest, HEADING, header:ignore, 0, 0, 0
1256, minecraft:village_desert, HEADING, header:ignore, 0, 0, 0
1257, towns_and_towers:village_flower_forest, HEADING, header:ignore, 0, 0, 0
1258, towns_and_towers:village_forest, HEADING, header:ignore, 0, 0, 0
1259, repurposed_structures:village_giant_taiga, HEADING, header:ignore, 0, 0, 0
1260, towns_and_towers:village_grove, HEADING, header:ignore, 0, 0, 0
1261, nova_structures:village_jungle, HEADING, header:ignore, 0, 0, 0
1262, repurposed_structures:village_jungle, HEADING, header:ignore, 0, 0, 0
1263, towns_and_towers:village_jungle, HEADING, header:ignore, 0, 0, 0
1264, towns_and_towers:village_meadow, HEADING, header:ignore, 0, 0, 0
1265, repurposed_structures:village_mountains, HEADING, header:ignore, 0, 0, 0
1266, repurposed_structures:village_mushroom, HEADING, header:ignore, 0, 0, 0
1267, towns_and_towers:village_mushroom_fields, HEADING, header:ignore, 0, 0, 0
1268, repurposed_structures:village_oak, HEADING, header:ignore, 0, 0, 0
1269, repurposed_structures:village_ocean, HEADING, header:ignore, 0, 0, 0
1270, towns_and_towers:village_ocean, HEADING, header:ignore, 0, 0, 0
1271, towns_and_towers:village_old_growth_taiga, HEADING, header:ignore, 0, 0, 0
1272, minecraft:village_plains, HEADING, header:ignore, 0, 0, 0
1273, minecraft:village_savanna, HEADING, header:ignore, 0, 0, 0
1274, towns_and_towers:village_savanna_plateau, HEADING, header:ignore, 0, 0, 0
1275, minecraft:village_snowy, HEADING, header:ignore, 0, 0, 0
1276, towns_and_towers:village_snowy_slopes, HEADING, header:ignore, 0, 0, 0
1277, towns_and_towers:village_snowy_taiga, HEADING, header:ignore, 0, 0, 0
1278, towns_and_towers:village_sparse_jungle, HEADING, header:ignore, 0, 0, 0
1279, towns_and_towers:village_sunflower_plains, HEADING, header:ignore, 0, 0, 0
1280, nova_structures:village_swamp, HEADING, header:ignore, 0, 0, 0
1281, repurposed_structures:village_swamp, HEADING, header:ignore, 0, 0, 0
1282, towns_and_towers:village_swamp, HEADING, header:ignore, 0, 0, 0
1283, minecraft:village_taiga, HEADING, header:ignore, 0, 0, 0
1284, repurposed_structures:village_warped, HEADING, header:ignore, 0, 0, 0
1285, natures_spirit:village_wisteria, HEADING, header:ignore, 0, 0, 0
1286, towns_and_towers:village_wooded_badlands, HEADING, header:ignore, 0, 0, 0
1287, ati_structures:villager_inn, HEADING, header:ignore, 0, 0, 0
1288, bosses_of_mass_destruction:void_blossom, HEADING, header:ignore, 0, 0, 0
1289, alexscaves:volcano, HEADING, header:ignore, 0, 0, 0
1290, mss:volcano, HEADING, header:ignore, 0, 0, 0
1291, mns:warped_pool, HEADING, header:ignore, 0, 0, 0
1292, minecolonies:warpednetherlands_colony, HEADING, header:ignore, 0, 0, 0
1293, minecolonies:warpednetherlands_colony, CREATURE, minecraft:cat, 80, 1, 2
1294, idas:washing_camp, HEADING, header:ignore, 0, 0, 0
1295, explorify:watchtower/plains, HEADING, header:ignore, 0, 0, 0
1296, explorify:watchtower/savanna, HEADING, header:ignore, 0, 0, 0
1297, explorify:watchtower/taiga, HEADING, header:ignore, 0, 0, 0
1298, supplementaries:way_sign, HEADING, header:ignore, 0, 0, 0
1299, mvs:well/rare_well, HEADING, header:ignore, 0, 0, 0
1300, mvs:well/small_copper_well, HEADING, header:ignore, 0, 0, 0
1301, mvs:well/small_tower_well, HEADING, header:ignore, 0, 0, 0
1302, mvs:well/small_well, HEADING, header:ignore, 0, 0, 0
1303, mvs:well/well, HEADING, header:ignore, 0, 0, 0
1304, mvs:well/wells/acacia_well, HEADING, header:ignore, 0, 0, 0
1305, mvs:well/wells/birch_well, HEADING, header:ignore, 0, 0, 0
1306, mvs:well/wells/dark_oak_well, HEADING, header:ignore, 0, 0, 0
1307, mvs:well/wells/desert_well, HEADING, header:ignore, 0, 0, 0
1308, mvs:well/wells/end_well, HEADING, header:ignore, 0, 0, 0
1309, mvs:well/wells/jungle_well, HEADING, header:ignore, 0, 0, 0
1310, mvs:well/wells/mushroom_well, HEADING, header:ignore, 0, 0, 0
1311, mvs:well/wells/nether_well, HEADING, header:ignore, 0, 0, 0
1312, mvs:well/wells/oak_well, HEADING, header:ignore, 0, 0, 0
1313, mvs:well/wells/rocky_well, HEADING, header:ignore, 0, 0, 0
1314, mvs:well/wells/snowy_well, HEADING, header:ignore, 0, 0, 0
1315, mvs:well/wells/spruce_well, HEADING, header:ignore, 0, 0, 0
1316, nova_structures:well_birch, HEADING, header:ignore, 0, 0, 0
1317, nova_structures:well_dark_oak, HEADING, header:ignore, 0, 0, 0
1318, nova_structures:well_jungle, HEADING, header:ignore, 0, 0, 0
1319, nova_structures:well_oak, HEADING, header:ignore, 0, 0, 0
1320, nova_structures:well_savana, HEADING, header:ignore, 0, 0, 0
1321, nova_structures:well_spruce, HEADING, header:ignore, 0, 0, 0
1322, mss:white_house, HEADING, header:ignore, 0, 0, 0
1323, nova_structures:wild_ruin, HEADING, header:ignore, 0, 0, 0
1324, idas:winter_wagon, HEADING, header:ignore, 0, 0, 0
1325, dungeons_arise:wishing_well, HEADING, header:ignore, 0, 0, 0
1326, imst:witch_hut, HEADING, header:ignore, 0, 0, 0
1327, imst:witch_hut, MONSTER, minecraft:witch, 10, 1, 1
1328, repurposed_structures:witch_hut_birch, HEADING, header:ignore, 0, 0, 0
1329, repurposed_structures:witch_hut_birch, MONSTER, minecraft:witch, 10, 1, 1
1330, repurposed_structures:witch_hut_birch, CREATURE, minecraft:cat, 10, 1, 1
1331, repurposed_structures:witch_hut_dark_forest, HEADING, header:ignore, 0, 0, 0
1332, repurposed_structures:witch_hut_dark_forest, MONSTER, minecraft:witch, 10, 1, 1
1333, repurposed_structures:witch_hut_dark_forest, CREATURE, minecraft:cat, 10, 1, 1
1334, repurposed_structures:witch_hut_giant_tree_taiga, HEADING, header:ignore, 0, 0, 0
1335, repurposed_structures:witch_hut_giant_tree_taiga, MONSTER, minecraft:witch, 10, 1, 1
1336, repurposed_structures:witch_hut_giant_tree_taiga, CREATURE, minecraft:cat, 10, 1, 1
1337, repurposed_structures:witch_hut_mangrove, HEADING, header:ignore, 0, 0, 0
1338, repurposed_structures:witch_hut_mangrove, MONSTER, minecraft:witch, 10, 1, 1
1339, repurposed_structures:witch_hut_mangrove, CREATURE, minecraft:cat, 10, 1, 1
1340, repurposed_structures:witch_hut_oak, HEADING, header:ignore, 0, 0, 0
1341, repurposed_structures:witch_hut_oak, MONSTER, minecraft:witch, 10, 1, 1
1342, repurposed_structures:witch_hut_oak, CREATURE, minecraft:cat, 10, 1, 1
1343, repurposed_structures:witch_hut_taiga, HEADING, header:ignore, 0, 0, 0
1344, repurposed_structures:witch_hut_taiga, MONSTER, minecraft:witch, 10, 1, 1
1345, repurposed_structures:witch_hut_taiga, CREATURE, minecraft:cat, 10, 1, 1
1346, nova_structures:witch_villa, HEADING, header:ignore, 0, 0, 0
1347, idas:witches_treestump, HEADING, header:ignore, 0, 0, 0
1348, idas:witches_treestump, MONSTER, minecraft:witch, 10, 1, 1
1349, idas:witches_treestump, CREATURE, minecraft:cat, 10, 1, 1
1350, idas:wizard_tower, HEADING, header:ignore, 0, 0, 0
1351, ati_structures:woodland_keep, HEADING, header:ignore, 0, 0, 0
1352, towns_and_towers:wreckage_ocean, HEADING, header:ignore, 0, 0, 0
1353, mowziesmobs:wrought_chamber, HEADING, header:ignore, 0, 0, 0
1354, twilightforest:yeti_cave, HEADING, header:ignore, 0, 0, 0
1355, betterdungeons:zombie_dungeon, HEADING, header:ignore, 0, 0, 0
1356, betterdungeons:zombie_dungeon, MONSTER, minecraft:zombie, 80, 4, 15
